[2025-06-09 15:47:05] This is codeql database index-files --include-extension=.yaml --include-extension=.yml --size-limit=5m --language=yaml /home/huawei/github-actions-security/tools/codeql/my-yaml-db
[2025-06-09 15:47:05] Log file was started late.
[2025-06-09 15:47:05] Using index-files script /home/huawei/github-actions-security/tools/codeql/yaml/tools/index-files.sh.
[2025-06-09 15:47:05] [PROGRESS] database index-files> Scanning for files in /home/huawei/github-actions-security/.github/workflows...
[2025-06-09 15:47:05] Calling plumbing command: codeql resolve files --include-extension=.yaml --include-extension=.yml --size-limit=5m /home/huawei/github-actions-security/.github/workflows --format=json
[2025-06-09 15:47:05] [PROGRESS] resolve files> Scanning /home/huawei/github-actions-security/.github/workflows...
[2025-06-09 15:47:05] Plumbing command codeql resolve files completed:
                      [
                        "/home/huawei/github-actions-security/.github/workflows/NVIDIA_cutlass__labeler.yml",
                        "/home/huawei/github-actions-security/.github/workflows/NVIDIA_cutlass__new-issues-to-triage-projects.yml",
                        "/home/huawei/github-actions-security/.github/workflows/NVIDIA_cutlass__stale.yml",
                        "/home/huawei/github-actions-security/.github/workflows/NVIDIA_k8s-device-plugin__basic-checks.yaml",
                        "/home/huawei/github-actions-security/.github/workflows/NVIDIA_k8s-device-plugin__ci.yaml",
                        "/home/huawei/github-actions-security/.github/workflows/NVIDIA_k8s-device-plugin__code_scanning.yaml",
                        "/home/huawei/github-actions-security/.github/workflows/NVIDIA_k8s-device-plugin__e2e.yaml",
                        "/home/huawei/github-actions-security/.github/workflows/NVIDIA_k8s-device-plugin__golang.yaml",
                        "/home/huawei/github-actions-security/.github/workflows/NVIDIA_k8s-device-plugin__helm.yaml",
                        "/home/huawei/github-actions-security/.github/workflows/NVIDIA_k8s-device-plugin__image.yaml",
                        "/home/huawei/github-actions-security/.github/workflows/NVIDIA_k8s-device-plugin__publish-helm.yaml",
                        "/home/huawei/github-actions-security/.github/workflows/NVIDIA_k8s-device-plugin__release.yaml",
                        "/home/huawei/github-actions-security/.github/workflows/NVIDIA_k8s-device-plugin__stale.yaml",
                        "/home/huawei/github-actions-security/.github/workflows/NVIDIA_k8s-device-plugin__variables.yaml",
                        "/home/huawei/github-actions-security/.github/workflows/PRTargetWorkflow.yml",
                        "/home/huawei/github-actions-security/.github/workflows/RedHatOfficial_Overpass__build.yaml",
                        "/home/huawei/github-actions-security/.github/workflows/actions_cache__check-dist.yml",
                        "/home/huawei/github-actions-security/.github/workflows/actions_cache__close-inactive-issues.yml",
                        "/home/huawei/github-actions-security/.github/workflows/actions_cache__codeql.yml",
                        "/home/huawei/github-actions-security/.github/workflows/actions_cache__issue-opened-workflow.yml",
                        "/home/huawei/github-actions-security/.github/workflows/actions_cache__licensed.yml",
                        "/home/huawei/github-actions-security/.github/workflows/actions_cache__pr-opened-workflow.yml",
                        "/home/huawei/github-actions-security/.github/workflows/actions_cache__publish-immutable-actions.yml",
                        "/home/huawei/github-actions-security/.github/workflows/actions_cache__release-new-action-version.yml",
                        "/home/huawei/github-actions-security/.github/workflows/actions_cache__workflow.yml",
                        "/home/huawei/github-actions-security/.github/workflows/actions_setup-node__basic-validation.yml",
                        "/home/huawei/github-actions-security/.github/workflows/actions_setup-node__check-dist.yml",
                        "/home/huawei/github-actions-security/.github/workflows/actions_setup-node__codeql-analysis.yml",
                        "/home/huawei/github-actions-security/.github/workflows/actions_setup-node__e2e-cache.yml",
                        "/home/huawei/github-actions-security/.github/workflows/actions_setup-node__licensed.yml",
                        "/home/huawei/github-actions-security/.github/workflows/actions_setup-node__proxy.yml",
                        "/home/huawei/github-actions-security/.github/workflows/actions_setup-node__publish-immutable-actions.yml",
                        "/home/huawei/github-actions-security/.github/workflows/actions_setup-node__release-new-action-version.yml",
                        "/home/huawei/github-actions-security/.github/workflows/actions_setup-node__update-config-files.yml",
                        "/home/huawei/github-actions-security/.github/workflows/actions_setup-node__versions.yml",
                        "/home/huawei/github-actions-security/.github/workflows/actions_setup-python__basic-validation.yml",
                        "/home/huawei/github-actions-security/.github/workflows/actions_setup-python__check-dist.yml",
                        "/home/huawei/github-actions-security/.github/workflows/actions_setup-python__codeql-analysis.yml",
                        "/home/huawei/github-actions-security/.github/workflows/actions_setup-python__e2e-cache-freethreaded.yml",
                        "/home/huawei/github-actions-security/.github/workflows/actions_setup-python__e2e-cache.yml",
                        "/home/huawei/github-actions-security/.github/workflows/actions_setup-python__e2e-tests.yml",
                        "/home/huawei/github-actions-security/.github/workflows/actions_setup-python__licensed.yml",
                        "/home/huawei/github-actions-security/.github/workflows/actions_setup-python__publish-immutable-actions.yml",
                        "/home/huawei/github-actions-security/.github/workflows/actions_setup-python__release-new-action-version.yml",
                        "/home/huawei/github-actions-security/.github/workflows/actions_setup-python__test-graalpy.yml",
                        "/home/huawei/github-actions-security/.github/workflows/actions_setup-python__test-pypy.yml",
                        "/home/huawei/github-actions-security/.github/workflows/actions_setup-python__test-python-freethreaded.yml",
                        "/home/huawei/github-actions-security/.github/workflows/actions_setup-python__test-python.yml",
                        "/home/huawei/github-actions-security/.github/workflows/actions_setup-python__update-config-files.yml",
                        "/home/huawei/github-actions-security/.github/workflows/actions_starter-workflows__auto-assign-issues.yml",
                        "/home/huawei/github-actions-security/.github/workflows/actions_starter-workflows__auto-assign.yml",
                        "/home/huawei/github-actions-security/.github/workflows/actions_starter-workflows__label-feature.yml",
                        "/home/huawei/github-actions-security/.github/workflows/actions_starter-workflows__label-support.yml",
                        "/home/huawei/github-actions-security/.github/workflows/actions_starter-workflows__labeler-triage.yml",
                        "/home/huawei/github-actions-security/.github/workflows/actions_starter-workflows__lint.yaml",
                        "/home/huawei/github-actions-security/.github/workflows/actions_starter-workflows__stale.yml",
                        "/home/huawei/github-actions-security/.github/workflows/actions_starter-workflows__sync-ghes.yaml",
                        "/home/huawei/github-actions-security/.github/workflows/actions_starter-workflows__validate-data.yaml",
                        "/home/huawei/github-actions-security/.github/workflows/alibaba_druid__ci.yaml",
                        "/home/huawei/github-actions-security/.github/workflows/alibaba_tengine__ci-arm64.yml",
                        "/home/huawei/github-actions-security/.github/workflows/alibaba_tengine__ci.yml",
                        "/home/huawei/github-actions-security/.github/workflows/alibaba_tengine__test-nginx-core.yml",
                        "/home/huawei/github-actions-security/.github/workflows/alibaba_tengine__test-ntls.yml",
                        "/home/huawei/github-actions-security/.github/workflows/anomalous-outbound-calls.yaml",
                        "/home/huawei/github-actions-security/.github/workflows/arc-codecov-simulation.yml",
                        "/home/huawei/github-actions-security/.github/workflows/arc-secure-by-default.yml",
                        "/home/huawei/github-actions-security/.github/workflows/arc-solarwinds-simulation.yml",
                        "/home/huawei/github-actions-security/.github/workflows/arc-zero-effort-observability.yml",
                        "/home/huawei/github-actions-security/.github/workflows/awslabs_amazon-ecr-credential-helper__build.yaml",
                        "/home/huawei/github-actions-security/.github/workflows/awslabs_amazon-ecr-credential-helper__check-links.yml",
                        "/home/huawei/github-actions-security/.github/workflows/awslabs_amazon-ecr-credential-helper__codeql.yml",
                        "/home/huawei/github-actions-security/.github/workflows/awslabs_amazon-ecr-credential-helper__new-pull-requests.yml",
                        "/home/huawei/github-actions-security/.github/workflows/awslabs_amazon-ecr-credential-helper__review-dependencies.yml",
                        "/home/huawei/github-actions-security/.github/workflows/awslabs_git-secrets__test.yml",
                        "/home/huawei/github-actions-security/.github/workflows/baseline_checks.yml",
                        "/home/huawei/github-actions-security/.github/workflows/bazelbuild_bazel__cherry-picker.yml",
                        "/home/huawei/github-actions-security/.github/workflows/bazelbuild_bazel__labeler.yml",
                        "/home/huawei/github-actions-security/.github/workflows/bazelbuild_bazel__release-helper.yml",
                        "/home/huawei/github-actions-security/.github/workflows/bazelbuild_bazel__remove-labels.yml",
                        "/home/huawei/github-actions-security/.github/workflows/bazelbuild_bazel__scorecard.yml",
                        "/home/huawei/github-actions-security/.github/workflows/bazelbuild_bazel__stale.yml",
                        "/home/huawei/github-actions-security/.github/workflows/block-dns-exfiltration.yaml",
                        "/home/huawei/github-actions-security/.github/workflows/changed-files-vulnerability-with-hr.yml",
                        "/home/huawei/github-actions-security/.github/workflows/changed-files-vulnerability-without-hr.yml",
                        "/home/huawei/github-actions-security/.github/workflows/denoland_deno__cargo_publish.yml",
                        "/home/huawei/github-actions-security/.github/workflows/denoland_deno__ci.yml",
                        "/home/huawei/github-actions-security/.github/workflows/denoland_deno__node_compat_test.yml",
                        "/home/huawei/github-actions-security/.github/workflows/denoland_deno__npm_publish.yml",
                        "/home/huawei/github-actions-security/.github/workflows/denoland_deno__post_publish.yml",
                        "/home/huawei/github-actions-security/.github/workflows/denoland_deno__promote_to_release.yml",
                        "/home/huawei/github-actions-security/.github/workflows/denoland_deno__start_release.yml",
                        "/home/huawei/github-actions-security/.github/workflows/denoland_deno__version_bump.yml",
                        "/home/huawei/github-actions-security/.github/workflows/denoland_deno__wpt_epoch.yml",
                        "/home/huawei/github-actions-security/.github/workflows/electron_electron__archaeologist-dig.yml",
                        "/home/huawei/github-actions-security/.github/workflows/electron_electron__branch-created.yml",
                        "/home/huawei/github-actions-security/.github/workflows/electron_electron__build.yml",
                        "/home/huawei/github-actions-security/.github/workflows/electron_electron__clean-src-cache.yml",
                        "/home/huawei/github-actions-security/.github/workflows/electron_electron__issue-commented.yml",
                        "/home/huawei/github-actions-security/.github/workflows/electron_electron__issue-labeled.yml",
                        "/home/huawei/github-actions-security/.github/workflows/electron_electron__issue-opened.yml",
                        "/home/huawei/github-actions-security/.github/workflows/electron_electron__issue-transferred.yml",
                        "/home/huawei/github-actions-security/.github/workflows/electron_electron__issue-unlabeled.yml",
                        "/home/huawei/github-actions-security/.github/workflows/electron_electron__linux-publish.yml",
                        "/home/huawei/github-actions-security/.github/workflows/electron_electron__macos-publish.yml",
                        "/home/huawei/github-actions-security/.github/workflows/electron_electron__non-maintainer-dependency-change.yml",
                        "/home/huawei/github-actions-security/.github/workflows/electron_electron__pipeline-electron-build-and-test-and-nan.yml",
                        "/home/huawei/github-actions-security/.github/workflows/electron_electron__pipeline-electron-build-and-test.yml",
                        "/home/huawei/github-actions-security/.github/workflows/electron_electron__pipeline-electron-docs-only.yml",
                        "/home/huawei/github-actions-security/.github/workflows/electron_electron__pipeline-electron-lint.yml",
                        "/home/huawei/github-actions-security/.github/workflows/electron_electron__pipeline-segment-electron-build.yml",
                        "/home/huawei/github-actions-security/.github/workflows/electron_electron__pipeline-segment-electron-gn-check.yml",
                        "/home/huawei/github-actions-security/.github/workflows/electron_electron__pipeline-segment-electron-test.yml",
                        "/home/huawei/github-actions-security/.github/workflows/electron_electron__pipeline-segment-node-nan-test.yml",
                        "/home/huawei/github-actions-security/.github/workflows/electron_electron__pull-request-labeled.yml",
                        "/home/huawei/github-actions-security/.github/workflows/electron_electron__scorecards.yml",
                        "/home/huawei/github-actions-security/.github/workflows/electron_electron__semantic.yml",
                        "/home/huawei/github-actions-security/.github/workflows/electron_electron__stable-prep-items.yml",
                        "/home/huawei/github-actions-security/.github/workflows/electron_electron__stale.yml",
                        "/home/huawei/github-actions-security/.github/workflows/electron_electron__windows-publish.yml",
                        "/home/huawei/github-actions-security/.github/workflows/facebook_facebook-android-sdk__needs-attention.yml",
                        "/home/huawei/github-actions-security/.github/workflows/facebook_facebook-android-sdk__stale.yml",
                        "/home/huawei/github-actions-security/.github/workflows/facebook_facebook-ios-sdk__needs-attention.yml",
                        "/home/huawei/github-actions-security/.github/workflows/facebook_facebook-ios-sdk__stale.yml",
                        "/home/huawei/github-actions-security/.github/workflows/facebook_folly__TagIt.yml",
                        "/home/huawei/github-actions-security/.github/workflows/facebook_folly__getdeps_linux.yml",
                        "/home/huawei/github-actions-security/.github/workflows/facebook_folly__getdeps_mac.yml",
                        "/home/huawei/github-actions-security/.github/workflows/facebook_folly__getdeps_windows.yml",
                        "/home/huawei/github-actions-security/.github/workflows/facebook_folly__oss-build-and-test.yml",
                        "/home/huawei/github-actions-security/.github/workflows/facebook_hhvm__ubuntu.yml",
                        "/home/huawei/github-actions-security/.github/workflows/facebook_react__compiler_discord_notify.yml",
                        "/home/huawei/github-actions-security/.github/workflows/facebook_react__compiler_playground.yml",
                        "/home/huawei/github-actions-security/.github/workflows/facebook_react__compiler_prereleases.yml",
                        "/home/huawei/github-actions-security/.github/workflows/facebook_react__compiler_prereleases_manual.yml",
                        "/home/huawei/github-actions-security/.github/workflows/facebook_react__compiler_prereleases_nightly.yml",
                        "/home/huawei/github-actions-security/.github/workflows/facebook_react__compiler_typescript.yml",
                        "/home/huawei/github-actions-security/.github/workflows/facebook_react__devtools_regression_tests.yml",
                        "/home/huawei/github-actions-security/.github/workflows/facebook_react__runtime_build_and_test.yml",
                        "/home/huawei/github-actions-security/.github/workflows/facebook_react__runtime_commit_artifacts.yml",
                        "/home/huawei/github-actions-security/.github/workflows/facebook_react__runtime_discord_notify.yml",
                        "/home/huawei/github-actions-security/.github/workflows/facebook_react__runtime_eslint_plugin_e2e.yml",
                        "/home/huawei/github-actions-security/.github/workflows/facebook_react__runtime_fuzz_tests.yml",
                        "/home/huawei/github-actions-security/.github/workflows/facebook_react__runtime_prereleases.yml",
                        "/home/huawei/github-actions-security/.github/workflows/facebook_react__runtime_prereleases_manual.yml",
                        "/home/huawei/github-actions-security/.github/workflows/facebook_react__runtime_prereleases_nightly.yml",
                        "/home/huawei/github-actions-security/.github/workflows/facebook_react__runtime_releases_from_npm_manual.yml",
                        "/home/huawei/github-actions-security/.github/workflows/facebook_react__shared_check_maintainer.yml",
                        "/home/huawei/github-actions-security/.github/workflows/facebook_react__shared_cleanup_merged_branch_caches.yml",
                        "/home/huawei/github-actions-security/.github/workflows/facebook_react__shared_cleanup_stale_branch_caches.yml",
                        "/home/huawei/github-actions-security/.github/workflows/facebook_react__shared_close_direct_sync_branch_prs.yml",
                        "/home/huawei/github-actions-security/.github/workflows/facebook_react__shared_label_core_team_prs.yml",
                        "/home/huawei/github-actions-security/.github/workflows/facebook_react__shared_lint.yml",
                        "/home/huawei/github-actions-security/.github/workflows/facebook_react__shared_stale.yml",
                        "/home/huawei/github-actions-security/.github/workflows/facebook_watchman__getdeps_linux.yml",
                        "/home/huawei/github-actions-security/.github/workflows/facebook_watchman__getdeps_mac.yml",
                        "/home/huawei/github-actions-security/.github/workflows/facebook_watchman__getdeps_windows.yml",
                        "/home/huawei/github-actions-security/.github/workflows/facebook_watchman__package.yml",
                        "/home/huawei/github-actions-security/.github/workflows/facebook_watchman__release.yml",
                        "/home/huawei/github-actions-security/.github/workflows/github_codeql-action____all-platform-bundle.yml",
                        "/home/huawei/github-actions-security/.github/workflows/github_codeql-action____analyze-ref-input.yml",
                        "/home/huawei/github-actions-security/.github/workflows/github_codeql-action____autobuild-action.yml",
                        "/home/huawei/github-actions-security/.github/workflows/github_codeql-action____autobuild-direct-tracing-with-working-dir.yml",
                        "/home/huawei/github-actions-security/.github/workflows/github_codeql-action____autobuild-direct-tracing.yml",
                        "/home/huawei/github-actions-security/.github/workflows/github_codeql-action____build-mode-autobuild.yml",
                        "/home/huawei/github-actions-security/.github/workflows/github_codeql-action____build-mode-manual.yml",
                        "/home/huawei/github-actions-security/.github/workflows/github_codeql-action____build-mode-none.yml",
                        "/home/huawei/github-actions-security/.github/workflows/github_codeql-action____build-mode-rollback.yml",
                        "/home/huawei/github-actions-security/.github/workflows/github_codeql-action____cleanup-db-cluster-dir.yml",
                        "/home/huawei/github-actions-security/.github/workflows/github_codeql-action____config-export.yml",
                        "/home/huawei/github-actions-security/.github/workflows/github_codeql-action____config-input.yml",
                        "/home/huawei/github-actions-security/.github/workflows/github_codeql-action____cpp-deptrace-disabled.yml",
                        "/home/huawei/github-actions-security/.github/workflows/github_codeql-action____cpp-deptrace-enabled-on-macos.yml",
                        "/home/huawei/github-actions-security/.github/workflows/github_codeql-action____cpp-deptrace-enabled.yml",
                        "/home/huawei/github-actions-security/.github/workflows/github_codeql-action____diagnostics-export.yml",
                        "/home/huawei/github-actions-security/.github/workflows/github_codeql-action____export-file-baseline-information.yml",
                        "/home/huawei/github-actions-security/.github/workflows/github_codeql-action____extract-direct-to-toolcache.yml",
                        "/home/huawei/github-actions-security/.github/workflows/github_codeql-action____extractor-ram-threads.yml",
                        "/home/huawei/github-actions-security/.github/workflows/github_codeql-action____go-custom-queries.yml",
                        "/home/huawei/github-actions-security/.github/workflows/github_codeql-action____go-indirect-tracing-workaround-diagnostic.yml",
                        "/home/huawei/github-actions-security/.github/workflows/github_codeql-action____go-indirect-tracing-workaround-no-file-program.yml",
                        "/home/huawei/github-actions-security/.github/workflows/github_codeql-action____go-indirect-tracing-workaround.yml",
                        "/home/huawei/github-actions-security/.github/workflows/github_codeql-action____go-tracing-autobuilder.yml",
                        "/home/huawei/github-actions-security/.github/workflows/github_codeql-action____go-tracing-custom-build-steps.yml",
                        "/home/huawei/github-actions-security/.github/workflows/github_codeql-action____go-tracing-legacy-workflow.yml",
                        "/home/huawei/github-actions-security/.github/workflows/github_codeql-action____init-with-registries.yml",
                        "/home/huawei/github-actions-security/.github/workflows/github_codeql-action____javascript-source-root.yml",
                        "/home/huawei/github-actions-security/.github/workflows/github_codeql-action____job-run-uuid-sarif.yml",
                        "/home/huawei/github-actions-security/.github/workflows/github_codeql-action____language-aliases.yml",
                        "/home/huawei/github-actions-security/.github/workflows/github_codeql-action____multi-language-autodetect.yml",
                        "/home/huawei/github-actions-security/.github/workflows/github_codeql-action____packaging-codescanning-config-inputs-js.yml",
                        "/home/huawei/github-actions-security/.github/workflows/github_codeql-action____packaging-config-inputs-js.yml",
                        "/home/huawei/github-actions-security/.github/workflows/github_codeql-action____packaging-config-js.yml",
                        "/home/huawei/github-actions-security/.github/workflows/github_codeql-action____packaging-inputs-js.yml",
                        "/home/huawei/github-actions-security/.github/workflows/github_codeql-action____remote-config.yml",
                        "/home/huawei/github-actions-security/.github/workflows/github_codeql-action____resolve-environment-action.yml",
                        "/home/huawei/github-actions-security/.github/workflows/github_codeql-action____rubocop-multi-language.yml",
                        "/home/huawei/github-actions-security/.github/workflows/github_codeql-action____ruby.yml",
                        "/home/huawei/github-actions-security/.github/workflows/github_codeql-action____rust.yml",
                        "/home/huawei/github-actions-security/.github/workflows/github_codeql-action____split-workflow.yml",
                        "/home/huawei/github-actions-security/.github/workflows/github_codeql-action____start-proxy.yml",
                        "/home/huawei/github-actions-security/.github/workflows/github_codeql-action____submit-sarif-failure.yml",
                        "/home/huawei/github-actions-security/.github/workflows/github_codeql-action____swift-autobuild.yml",
                        "/home/huawei/github-actions-security/.github/workflows/github_codeql-action____swift-custom-build.yml",
                        "/home/huawei/github-actions-security/.github/workflows/github_codeql-action____test-autobuild-working-dir.yml",
                        "/home/huawei/github-actions-security/.github/workflows/github_codeql-action____test-local-codeql.yml",
                        "/home/huawei/github-actions-security/.github/workflows/github_codeql-action____test-proxy.yml",
                        "/home/huawei/github-actions-security/.github/workflows/github_codeql-action____unset-environment.yml",
                        "/home/huawei/github-actions-security/.github/workflows/github_codeql-action____upload-ref-sha-input.yml",
                        "/home/huawei/github-actions-security/.github/workflows/github_codeql-action____with-checkout-path.yml",
                        "/home/huawei/github-actions-security/.github/workflows/github_codeql-action____zstd-bundle-streaming.yml",
                        "/home/huawei/github-actions-security/.github/workflows/github_codeql-action____zstd-bundle.yml",
                        "/home/huawei/github-actions-security/.github/workflows/github_codeql-action__check-expected-release-files.yml",
                        "/home/huawei/github-actions-security/.github/workflows/github_codeql-action__codeql.yml",
                        "/home/huawei/github-actions-security/.github/workflows/github_codeql-action__codescanning-config-cli.yml",
                        "/home/huawei/github-actions-security/.github/workflows/github_codeql-action__debug-artifacts-failure-safe.yml",
                        "/home/huawei/github-actions-security/.github/workflows/github_codeql-action__debug-artifacts-safe.yml",
                        "/home/huawei/github-actions-security/.github/workflows/github_codeql-action__expected-queries-runs.yml",
                        "/home/huawei/github-actions-security/.github/workflows/github_codeql-action__post-release-mergeback.yml",
                        "/home/huawei/github-actions-security/.github/workflows/github_codeql-action__pr-checks.yml",
                        "/home/huawei/github-actions-security/.github/workflows/github_codeql-action__publish-immutable-action.yml",
                        "/home/huawei/github-actions-security/.github/workflows/github_codeql-action__python312-windows.yml",
                        "/home/huawei/github-actions-security/.github/workflows/github_codeql-action__query-filters.yml",
                        "/home/huawei/github-actions-security/.github/workflows/github_codeql-action__rebuild.yml",
                        "/home/huawei/github-actions-security/.github/workflows/github_codeql-action__test-codeql-bundle-all.yml",
                        "/home/huawei/github-actions-security/.github/workflows/github_codeql-action__update-bundle.yml",
                        "/home/huawei/github-actions-security/.github/workflows/github_codeql-action__update-dependencies.yml",
                        "/home/huawei/github-actions-security/.github/workflows/github_codeql-action__update-release-branch.yml",
                        "/home/huawei/github-actions-security/.github/workflows/github_codeql-action__update-supported-enterprise-server-versions.yml",
                        "/home/huawei/github-actions-security/.github/workflows/github_docs__all-documents.yml",
                        "/home/huawei/github-actions-security/.github/workflows/github_docs__article-api-docs.yml",
                        "/home/huawei/github-actions-security/.github/workflows/github_docs__auto-close-dependencies.yml",
                        "/home/huawei/github-actions-security/.github/workflows/github_docs__check-broken-links-github-github.yml",
                        "/home/huawei/github-actions-security/.github/workflows/github_docs__check-for-spammy-issues.yml",
                        "/home/huawei/github-actions-security/.github/workflows/github_docs__close-bad-repo-sync-prs.yml",
                        "/home/huawei/github-actions-security/.github/workflows/github_docs__close-on-invalid-label.yaml",
                        "/home/huawei/github-actions-security/.github/workflows/github_docs__codeql.yml",
                        "/home/huawei/github-actions-security/.github/workflows/github_docs__comment-release-note-info.yml",
                        "/home/huawei/github-actions-security/.github/workflows/github_docs__confirm-internal-staff-work-in-docs.yml",
                        "/home/huawei/github-actions-security/.github/workflows/github_docs__content-lint-markdown.yml",
                        "/home/huawei/github-actions-security/.github/workflows/github_docs__content-linter-rules-docs.yml",
                        "/home/huawei/github-actions-security/.github/workflows/github_docs__copy-api-issue-to-internal.yml",
                        "/home/huawei/github-actions-security/.github/workflows/github_docs__count-translation-corruptions.yml",
                        "/home/huawei/github-actions-security/.github/workflows/github_docs__delete-orphan-translation-files.yml",
                        "/home/huawei/github-actions-security/.github/workflows/github_docs__docs-review-collect.yml",
                        "/home/huawei/github-actions-security/.github/workflows/github_docs__dont-delete-assets.yml",
                        "/home/huawei/github-actions-security/.github/workflows/github_docs__dont-delete-features.yml",
                        "/home/huawei/github-actions-security/.github/workflows/github_docs__enterprise-dates.yml",
                        "/home/huawei/github-actions-security/.github/workflows/github_docs__enterprise-release-issue.yml",
                        "/home/huawei/github-actions-security/.github/workflows/github_docs__expertise-required-label-message.yml",
                        "/home/huawei/github-actions-security/.github/workflows/github_docs__first-responder-v2-prs-collect.yml",
                        "/home/huawei/github-actions-security/.github/workflows/github_docs__generate-code-scanning-query-lists.yml",
                        "/home/huawei/github-actions-security/.github/workflows/github_docs__headless-tests.yml",
                        "/home/huawei/github-actions-security/.github/workflows/github_docs__hubber-contribution-help.yml",
                        "/home/huawei/github-actions-security/.github/workflows/github_docs__index-autocomplete-search.yml",
                        "/home/huawei/github-actions-security/.github/workflows/github_docs__index-general-search-pr.yml",
                        "/home/huawei/github-actions-security/.github/workflows/github_docs__index-general-search.yml",
                        "/home/huawei/github-actions-security/.github/workflows/github_docs__keep-caches-warm.yml",
                        "/home/huawei/github-actions-security/.github/workflows/github_docs__link-check-daily.yml",
                        "/home/huawei/github-actions-security/.github/workflows/github_docs__link-check-on-pr.yml",
                        "/home/huawei/github-actions-security/.github/workflows/github_docs__lint-code.yml",
                        "/home/huawei/github-actions-security/.github/workflows/github_docs__lint-entire-content-data-markdown.yml",
                        "/home/huawei/github-actions-security/.github/workflows/github_docs__local-dev.yml",
                        "/home/huawei/github-actions-security/.github/workflows/github_docs__merged-notification.yml",
                        "/home/huawei/github-actions-security/.github/workflows/github_docs__moda-allowed-ips.yml",
                        "/home/huawei/github-actions-security/.github/workflows/github_docs__moda-ci.yaml",
                        "/home/huawei/github-actions-security/.github/workflows/github_docs__move-content.yml",
                        "/home/huawei/github-actions-security/.github/workflows/github_docs__move-existing-issues-to-the-correct-repo.yml",
                        "/home/huawei/github-actions-security/.github/workflows/github_docs__move-help-wanted-issues.yml",
                        "/home/huawei/github-actions-security/.github/workflows/github_docs__move-ready-to-merge-pr.yaml",
                        "/home/huawei/github-actions-security/.github/workflows/github_docs__move-reopened-issues-to-triage.yaml",
                        "/home/huawei/github-actions-security/.github/workflows/github_docs__needs-sme-stale-check.yaml",
                        "/home/huawei/github-actions-security/.github/workflows/github_docs__needs-sme-workflow.yml",
                        "/home/huawei/github-actions-security/.github/workflows/github_docs__no-response.yaml",
                        "/home/huawei/github-actions-security/.github/workflows/github_docs__notify-about-deployment.yml",
                        "/home/huawei/github-actions-security/.github/workflows/github_docs__notify-when-maintainers-cannot-edit.yaml",
                        "/home/huawei/github-actions-security/.github/workflows/github_docs__orphaned-features-check.yml",
                        "/home/huawei/github-actions-security/.github/workflows/github_docs__orphaned-files-check.yml",
                        "/home/huawei/github-actions-security/.github/workflows/github_docs__os-ready-for-review.yml",
                        "/home/huawei/github-actions-security/.github/workflows/github_docs__package-lock-lint.yml",
                        "/home/huawei/github-actions-security/.github/workflows/github_docs__purge-fastly.yml",
                        "/home/huawei/github-actions-security/.github/workflows/github_docs__purge-old-workflow-runs.yml",
                        "/home/huawei/github-actions-security/.github/workflows/github_docs__ready-for-doc-review.yml",
                        "/home/huawei/github-actions-security/.github/workflows/github_docs__remove-fr-label-remove-from-fr-v2.yml",
                        "/home/huawei/github-actions-security/.github/workflows/github_docs__repo-sync.yml",
                        "/home/huawei/github-actions-security/.github/workflows/github_docs__review-comment.yml",
                        "/home/huawei/github-actions-security/.github/workflows/github_docs__reviewers-content-systems.yml",
                        "/home/huawei/github-actions-security/.github/workflows/github_docs__reviewers-dependabot.yml",
                        "/home/huawei/github-actions-security/.github/workflows/github_docs__reviewers-docs-engineering.yml",
                        "/home/huawei/github-actions-security/.github/workflows/github_docs__reviewers-legal.yml",
                        "/home/huawei/github-actions-security/.github/workflows/github_docs__site-policy-reminder.yml",
                        "/home/huawei/github-actions-security/.github/workflows/github_docs__site-policy-sync.yml",
                        "/home/huawei/github-actions-security/.github/workflows/github_docs__sme-review-tracking-issue.yml",
                        "/home/huawei/github-actions-security/.github/workflows/github_docs__stale.yml",
                        "/home/huawei/github-actions-security/.github/workflows/github_docs__sync-audit-logs.yml",
                        "/home/huawei/github-actions-security/.github/workflows/github_docs__sync-codeql-cli.yml",
                        "/home/huawei/github-actions-security/.github/workflows/github_docs__sync-graphql.yml",
                        "/home/huawei/github-actions-security/.github/workflows/github_docs__sync-openapi.yml",
                        "/home/huawei/github-actions-security/.github/workflows/github_docs__sync-secret-scanning.yml",
                        "/home/huawei/github-actions-security/.github/workflows/github_docs__test-changed-content.yml",
                        "/home/huawei/github-actions-security/.github/workflows/github_docs__test.yml",
                        "/home/huawei/github-actions-security/.github/workflows/github_docs__triage-issue-comments.yml",
                        "/home/huawei/github-actions-security/.github/workflows/github_docs__triage-issues.yml",
                        "/home/huawei/github-actions-security/.github/workflows/github_docs__triage-pull-requests.yml",
                        "/home/huawei/github-actions-security/.github/workflows/github_docs__triage-stale-check.yml",
                        "/home/huawei/github-actions-security/.github/workflows/github_docs__triage-unallowed-contributions.yml",
                        "/home/huawei/github-actions-security/.github/workflows/github_docs__validate-asset-images.yml",
                        "/home/huawei/github-actions-security/.github/workflows/github_docs__validate-github-github-docs-urls.yml",
                        "/home/huawei/github-actions-security/.github/workflows/github_super-linter__cd.yml",
                        "/home/huawei/github-actions-security/.github/workflows/github_super-linter__ci.yml",
                        "/home/huawei/github-actions-security/.github/workflows/github_super-linter__dependabot-automation.yaml",
                        "/home/huawei/github-actions-security/.github/workflows/github_super-linter__lint-commit.yaml",
                        "/home/huawei/github-actions-security/.github/workflows/github_super-linter__stale.yml",
                        "/home/huawei/github-actions-security/.github/workflows/github_super-linter__thank_contributors.yaml",
                        "/home/huawei/github-actions-security/.github/workflows/google_dagger__ci.yml",
                        "/home/huawei/github-actions-security/.github/workflows/google_dagger__release.yml",
                        "/home/huawei/github-actions-security/.github/workflows/google_truth__ci.yml",
                        "/home/huawei/github-actions-security/.github/workflows/hashicorp_terraform__build-terraform-cli.yml",
                        "/home/huawei/github-actions-security/.github/workflows/hashicorp_terraform__build.yml",
                        "/home/huawei/github-actions-security/.github/workflows/hashicorp_terraform__changelog.yml",
                        "/home/huawei/github-actions-security/.github/workflows/hashicorp_terraform__checks.yml",
                        "/home/huawei/github-actions-security/.github/workflows/hashicorp_terraform__equivalence-test-diff.yml",
                        "/home/huawei/github-actions-security/.github/workflows/hashicorp_terraform__equivalence-test-manual-update.yml",
                        "/home/huawei/github-actions-security/.github/workflows/hashicorp_terraform__equivalence-test-update.yml",
                        "/home/huawei/github-actions-security/.github/workflows/hashicorp_terraform__issue-comment-created.yml",
                        "/home/huawei/github-actions-security/.github/workflows/hashicorp_terraform__lock.yml",
                        "/home/huawei/github-actions-security/.github/workflows/hashicorp_terraform__main.yml",
                        "/home/huawei/github-actions-security/.github/workflows/hosted-file-monitor-with-hr.yml",
                        "/home/huawei/github-actions-security/.github/workflows/hosted-file-monitor-without-hr.yml",
                        "/home/huawei/github-actions-security/.github/workflows/hosted-https-monitoring-hr.yml",
                        "/home/huawei/github-actions-security/.github/workflows/hosted-network-filtering-hr.yml",
                        "/home/huawei/github-actions-security/.github/workflows/hosted-network-monitoring-hr.yml",
                        "/home/huawei/github-actions-security/.github/workflows/hosted-network-without-hr.yml",
                        "/home/huawei/github-actions-security/.github/workflows/ibm_sarama__apidiff.yml",
                        "/home/huawei/github-actions-security/.github/workflows/ibm_sarama__cache-cleanup.yml",
                        "/home/huawei/github-actions-security/.github/workflows/ibm_sarama__ci.yml",
                        "/home/huawei/github-actions-security/.github/workflows/ibm_sarama__codeql-analysis.yml",
                        "/home/huawei/github-actions-security/.github/workflows/ibm_sarama__dependency-review.yml",
                        "/home/huawei/github-actions-security/.github/workflows/ibm_sarama__fuzz.yml",
                        "/home/huawei/github-actions-security/.github/workflows/ibm_sarama__fvt-main.yml",
                        "/home/huawei/github-actions-security/.github/workflows/ibm_sarama__fvt-pr.yml",
                        "/home/huawei/github-actions-security/.github/workflows/ibm_sarama__fvt.yml",
                        "/home/huawei/github-actions-security/.github/workflows/ibm_sarama__i386.yml",
                        "/home/huawei/github-actions-security/.github/workflows/ibm_sarama__scorecard.yml",
                        "/home/huawei/github-actions-security/.github/workflows/ibm_sarama__stale.yml",
                        "/home/huawei/github-actions-security/.github/workflows/microsoft_TypeScript__accept-baselines-fix-lints.yaml",
                        "/home/huawei/github-actions-security/.github/workflows/microsoft_TypeScript__ci.yml",
                        "/home/huawei/github-actions-security/.github/workflows/microsoft_TypeScript__close-issues.yml",
                        "/home/huawei/github-actions-security/.github/workflows/microsoft_TypeScript__codeql.yml",
                        "/home/huawei/github-actions-security/.github/workflows/microsoft_TypeScript__create-cherry-pick-pr.yml",
                        "/home/huawei/github-actions-security/.github/workflows/microsoft_TypeScript__error-deltas-watchdog.yaml",
                        "/home/huawei/github-actions-security/.github/workflows/microsoft_TypeScript__insiders.yaml",
                        "/home/huawei/github-actions-security/.github/workflows/microsoft_TypeScript__lkg.yml",
                        "/home/huawei/github-actions-security/.github/workflows/microsoft_TypeScript__new-release-branch.yaml",
                        "/home/huawei/github-actions-security/.github/workflows/microsoft_TypeScript__nightly.yaml",
                        "/home/huawei/github-actions-security/.github/workflows/microsoft_TypeScript__pr-modified-files.yml",
                        "/home/huawei/github-actions-security/.github/workflows/microsoft_TypeScript__release-branch-artifact.yaml",
                        "/home/huawei/github-actions-security/.github/workflows/microsoft_TypeScript__scorecard.yml",
                        "/home/huawei/github-actions-security/.github/workflows/microsoft_TypeScript__set-version.yaml",
                        "/home/huawei/github-actions-security/.github/workflows/microsoft_TypeScript__sync-branch.yaml",
                        "/home/huawei/github-actions-security/.github/workflows/microsoft_TypeScript__sync-wiki.yml",
                        "/home/huawei/github-actions-security/.github/workflows/microsoft_TypeScript__twoslash-repros.yaml",
                        "/home/huawei/github-actions-security/.github/workflows/microsoft_TypeScript__update-package-lock.yaml",
                        "/home/huawei/github-actions-security/.github/workflows/microsoft_vscode__basic.yml",
                        "/home/huawei/github-actions-security/.github/workflows/microsoft_vscode__ci.yml",
                        "/home/huawei/github-actions-security/.github/workflows/microsoft_vscode__monaco-editor.yml",
                        "/home/huawei/github-actions-security/.github/workflows/microsoft_vscode__no-package-lock-changes.yml",
                        "/home/huawei/github-actions-security/.github/workflows/microsoft_vscode__no-yarn-lock-changes.yml",
                        "/home/huawei/github-actions-security/.github/workflows/microsoft_vscode__telemetry.yml",
                        "/home/huawei/github-actions-security/.github/workflows/nestjs_nest__codeql-analysis.yml",
                        "/home/huawei/github-actions-security/.github/workflows/oracle_docker-images__build-and-push-dev-images.yml",
                        "/home/huawei/github-actions-security/.github/workflows/oracle_docker-images__build-and-push-instantclient-images.yml",
                        "/home/huawei/github-actions-security/.github/workflows/oracle_docker-images__build-and-push-nosql-image.yml",
                        "/home/huawei/github-actions-security/.github/workflows/oracle_docker-images__build-and-push-nosql-sec-image.yml",
                        "/home/huawei/github-actions-security/.github/workflows/oracle_docker-images__build-and-push-oci-cli-image.yml",
                        "/home/huawei/github-actions-security/.github/workflows/oracle_docker-images__super-linter.yml",
                        "/home/huawei/github-actions-security/.github/workflows/oracle_graal__cdt-inspect.yml",
                        "/home/huawei/github-actions-security/.github/workflows/oracle_graal__main.yml",
                        "/home/huawei/github-actions-security/.github/workflows/oracle_graal__micronaut.yml",
                        "/home/huawei/github-actions-security/.github/workflows/oracle_graal__ni-layers.yml",
                        "/home/huawei/github-actions-security/.github/workflows/oracle_graal__quarkus.yml",
                        "/home/huawei/github-actions-security/.github/workflows/oracle_graal__reachability-metadata.yml",
                        "/home/huawei/github-actions-security/.github/workflows/oracle_graal__spring.yml",
                        "/home/huawei/github-actions-security/.github/workflows/oracle_opengrok__apiary.yml",
                        "/home/huawei/github-actions-security/.github/workflows/oracle_opengrok__build.yml",
                        "/home/huawei/github-actions-security/.github/workflows/oracle_opengrok__codeql-analysis.yml",
                        "/home/huawei/github-actions-security/.github/workflows/oracle_opengrok__docker.yml",
                        "/home/huawei/github-actions-security/.github/workflows/oracle_opengrok__javadoc.yml",
                        "/home/huawei/github-actions-security/.github/workflows/oracle_opengrok__release.yml",
                        "/home/huawei/github-actions-security/.github/workflows/oracle_truffleruby__ci.yml",
                        "/home/huawei/github-actions-security/.github/workflows/oracle_truffleruby__prism.yml",
                        "/home/huawei/github-actions-security/.github/workflows/pnpm_pnpm__audit.yml",
                        "/home/huawei/github-actions-security/.github/workflows/pnpm_pnpm__ci.yml",
                        "/home/huawei/github-actions-security/.github/workflows/pnpm_pnpm__codeql-analysis.yml",
                        "/home/huawei/github-actions-security/.github/workflows/pnpm_pnpm__release.yml",
                        "/home/huawei/github-actions-security/.github/workflows/pnpm_pnpm__update-latest.yml",
                        "/home/huawei/github-actions-security/.github/workflows/publish.yml",
                        "/home/huawei/github-actions-security/.github/workflows/pytorch_pytorch___bazel-build-test.yml",
                        "/home/huawei/github-actions-security/.github/workflows/pytorch_pytorch___binary-build-linux.yml",
                        "/home/huawei/github-actions-security/.github/workflows/pytorch_pytorch___binary-test-linux.yml",
                        "/home/huawei/github-actions-security/.github/workflows/pytorch_pytorch___binary-upload.yml",
                        "/home/huawei/github-actions-security/.github/workflows/pytorch_pytorch___docs.yml",
                        "/home/huawei/github-actions-security/.github/workflows/pytorch_pytorch___link_check.yml",
                        "/home/huawei/github-actions-security/.github/workflows/pytorch_pytorch___linux-build.yml",
                        "/home/huawei/github-actions-security/.github/workflows/pytorch_pytorch___linux-test.yml",
                        "/home/huawei/github-actions-security/.github/workflows/pytorch_pytorch___mac-build.yml",
                        "/home/huawei/github-actions-security/.github/workflows/pytorch_pytorch___mac-test.yml",
                        "/home/huawei/github-actions-security/.github/workflows/pytorch_pytorch___rocm-test.yml",
                        "/home/huawei/github-actions-security/.github/workflows/pytorch_pytorch___runner-determinator.yml",
                        "/home/huawei/github-actions-security/.github/workflows/pytorch_pytorch___win-build.yml",
                        "/home/huawei/github-actions-security/.github/workflows/pytorch_pytorch___win-test.yml",
                        "/home/huawei/github-actions-security/.github/workflows/pytorch_pytorch___xpu-test.yml",
                        "/home/huawei/github-actions-security/.github/workflows/pytorch_pytorch__assigntome-docathon.yml",
                        "/home/huawei/github-actions-security/.github/workflows/pytorch_pytorch__auto_request_review.yml",
                        "/home/huawei/github-actions-security/.github/workflows/pytorch_pytorch__build-almalinux-images.yml",
                        "/home/huawei/github-actions-security/.github/workflows/pytorch_pytorch__build-libtorch-images.yml",
                        "/home/huawei/github-actions-security/.github/workflows/pytorch_pytorch__build-magma-linux.yml",
                        "/home/huawei/github-actions-security/.github/workflows/pytorch_pytorch__build-magma-rocm-linux.yml",
                        "/home/huawei/github-actions-security/.github/workflows/pytorch_pytorch__build-magma-windows.yml",
                        "/home/huawei/github-actions-security/.github/workflows/pytorch_pytorch__build-manywheel-images-s390x.yml",
                        "/home/huawei/github-actions-security/.github/workflows/pytorch_pytorch__build-manywheel-images.yml",
                        "/home/huawei/github-actions-security/.github/workflows/pytorch_pytorch__build-triton-wheel.yml",
                        "/home/huawei/github-actions-security/.github/workflows/pytorch_pytorch__check-labels.yml",
                        "/home/huawei/github-actions-security/.github/workflows/pytorch_pytorch__check_mergeability_ghstack.yml",
                        "/home/huawei/github-actions-security/.github/workflows/pytorch_pytorch__cherry-pick.yml",
                        "/home/huawei/github-actions-security/.github/workflows/pytorch_pytorch__close-nonexistent-disable-issues.yml",
                        "/home/huawei/github-actions-security/.github/workflows/pytorch_pytorch__create_release.yml",
                        "/home/huawei/github-actions-security/.github/workflows/pytorch_pytorch__delete_old_branches.yml",
                        "/home/huawei/github-actions-security/.github/workflows/pytorch_pytorch__docathon-sync-label.yml",
                        "/home/huawei/github-actions-security/.github/workflows/pytorch_pytorch__docker-builds.yml",
                        "/home/huawei/github-actions-security/.github/workflows/pytorch_pytorch__docker-cache-mi300.yml",
                        "/home/huawei/github-actions-security/.github/workflows/pytorch_pytorch__docker-release.yml",
                        "/home/huawei/github-actions-security/.github/workflows/pytorch_pytorch__generated-linux-aarch64-binary-manywheel-nightly.yml",
                        "/home/huawei/github-actions-security/.github/workflows/pytorch_pytorch__generated-linux-binary-libtorch-nightly.yml",
                        "/home/huawei/github-actions-security/.github/workflows/pytorch_pytorch__generated-linux-binary-libtorch-release-main.yml",
                        "/home/huawei/github-actions-security/.github/workflows/pytorch_pytorch__generated-linux-binary-manywheel-main.yml",
                        "/home/huawei/github-actions-security/.github/workflows/pytorch_pytorch__generated-linux-binary-manywheel-nightly.yml",
                        "/home/huawei/github-actions-security/.github/workflows/pytorch_pytorch__generated-linux-s390x-binary-manywheel-nightly.yml",
                        "/home/huawei/github-actions-security/.github/workflows/pytorch_pytorch__generated-macos-arm64-binary-libtorch-release-nightly.yml",
                        "/home/huawei/github-actions-security/.github/workflows/pytorch_pytorch__generated-macos-arm64-binary-wheel-nightly.yml",
                        "/home/huawei/github-actions-security/.github/workflows/pytorch_pytorch__generated-windows-arm64-binary-libtorch-debug-nightly.yml",
                        "/home/huawei/github-actions-security/.github/workflows/pytorch_pytorch__generated-windows-arm64-binary-libtorch-release-nightly.yml",
                        "/home/huawei/github-actions-security/.github/workflows/pytorch_pytorch__generated-windows-arm64-binary-wheel-nightly.yml",
                        "/home/huawei/github-actions-security/.github/workflows/pytorch_pytorch__generated-windows-binary-libtorch-debug-main.yml",
                        "/home/huawei/github-actions-security/.github/workflows/pytorch_pytorch__generated-windows-binary-libtorch-debug-nightly.yml",
                        "/home/huawei/github-actions-security/.github/workflows/pytorch_pytorch__generated-windows-binary-libtorch-release-main.yml",
                        "/home/huawei/github-actions-security/.github/workflows/pytorch_pytorch__generated-windows-binary-libtorch-release-nightly.yml",
                        "/home/huawei/github-actions-security/.github/workflows/pytorch_pytorch__generated-windows-binary-wheel-nightly.yml",
                        "/home/huawei/github-actions-security/.github/workflows/pytorch_pytorch__inductor-micro-benchmark-x86.yml",
                        "/home/huawei/github-actions-security/.github/workflows/pytorch_pytorch__inductor-micro-benchmark.yml",
                        "/home/huawei/github-actions-security/.github/workflows/pytorch_pytorch__inductor-nightly.yml",
                        "/home/huawei/github-actions-security/.github/workflows/pytorch_pytorch__inductor-perf-compare.yml",
                        "/home/huawei/github-actions-security/.github/workflows/pytorch_pytorch__inductor-perf-test-nightly-aarch64.yml",
                        "/home/huawei/github-actions-security/.github/workflows/pytorch_pytorch__inductor-perf-test-nightly-h100.yml",
                        "/home/huawei/github-actions-security/.github/workflows/pytorch_pytorch__inductor-perf-test-nightly-macos.yml",
                        "/home/huawei/github-actions-security/.github/workflows/pytorch_pytorch__inductor-perf-test-nightly-rocm.yml",
                        "/home/huawei/github-actions-security/.github/workflows/pytorch_pytorch__inductor-perf-test-nightly-x86.yml",
                        "/home/huawei/github-actions-security/.github/workflows/pytorch_pytorch__inductor-perf-test-nightly.yml",
                        "/home/huawei/github-actions-security/.github/workflows/pytorch_pytorch__inductor-periodic.yml",
                        "/home/huawei/github-actions-security/.github/workflows/pytorch_pytorch__inductor-rocm-mi300.yml",
                        "/home/huawei/github-actions-security/.github/workflows/pytorch_pytorch__inductor-rocm.yml",
                        "/home/huawei/github-actions-security/.github/workflows/pytorch_pytorch__inductor-unittest.yml",
                        "/home/huawei/github-actions-security/.github/workflows/pytorch_pytorch__inductor.yml",
                        "/home/huawei/github-actions-security/.github/workflows/pytorch_pytorch__lint-autoformat.yml",
                        "/home/huawei/github-actions-security/.github/workflows/pytorch_pytorch__lint-bc.yml",
                        "/home/huawei/github-actions-security/.github/workflows/pytorch_pytorch__lint.yml",
                        "/home/huawei/github-actions-security/.github/workflows/pytorch_pytorch__linux-aarch64.yml",
                        "/home/huawei/github-actions-security/.github/workflows/pytorch_pytorch__llm_td_retrieval.yml",
                        "/home/huawei/github-actions-security/.github/workflows/pytorch_pytorch__mac-mps.yml",
                        "/home/huawei/github-actions-security/.github/workflows/pytorch_pytorch__nightly-s3-uploads.yml",
                        "/home/huawei/github-actions-security/.github/workflows/pytorch_pytorch__nightly.yml",
                        "/home/huawei/github-actions-security/.github/workflows/pytorch_pytorch__nitpicker.yml",
                        "/home/huawei/github-actions-security/.github/workflows/pytorch_pytorch__operator_benchmark.yml",
                        "/home/huawei/github-actions-security/.github/workflows/pytorch_pytorch__periodic-rocm-mi300.yml",
                        "/home/huawei/github-actions-security/.github/workflows/pytorch_pytorch__periodic.yml",
                        "/home/huawei/github-actions-security/.github/workflows/pytorch_pytorch__pull.yml",
                        "/home/huawei/github-actions-security/.github/workflows/pytorch_pytorch__revert.yml",
                        "/home/huawei/github-actions-security/.github/workflows/pytorch_pytorch__rocm-mi300.yml",
                        "/home/huawei/github-actions-security/.github/workflows/pytorch_pytorch__rocm.yml",
                        "/home/huawei/github-actions-security/.github/workflows/pytorch_pytorch__runner-determinator-validator.yml",
                        "/home/huawei/github-actions-security/.github/workflows/pytorch_pytorch__runner_determinator_script_sync.yaml",
                        "/home/huawei/github-actions-security/.github/workflows/pytorch_pytorch__s390.yml",
                        "/home/huawei/github-actions-security/.github/workflows/pytorch_pytorch__s390x-periodic.yml",
                        "/home/huawei/github-actions-security/.github/workflows/pytorch_pytorch__scorecards.yml",
                        "/home/huawei/github-actions-security/.github/workflows/pytorch_pytorch__slow.yml",
                        "/home/huawei/github-actions-security/.github/workflows/pytorch_pytorch__stale.yml",
                        "/home/huawei/github-actions-security/.github/workflows/pytorch_pytorch__target-determination-indexer.yml",
                        "/home/huawei/github-actions-security/.github/workflows/pytorch_pytorch__target_determination.yml",
                        "/home/huawei/github-actions-security/.github/workflows/pytorch_pytorch__test-check-binary.yml",
                        "/home/huawei/github-actions-security/.github/workflows/pytorch_pytorch__test-h100.yml",
                        "/home/huawei/github-actions-security/.github/workflows/pytorch_pytorch__torchbench.yml",
                        "/home/huawei/github-actions-security/.github/workflows/pytorch_pytorch__trunk.yml",
                        "/home/huawei/github-actions-security/.github/workflows/pytorch_pytorch__trymerge.yml",
                        "/home/huawei/github-actions-security/.github/workflows/pytorch_pytorch__tryrebase.yml",
                        "/home/huawei/github-actions-security/.github/workflows/pytorch_pytorch__unstable-periodic.yml",
                        "/home/huawei/github-actions-security/.github/workflows/pytorch_pytorch__unstable.yml",
                        "/home/huawei/github-actions-security/.github/workflows/pytorch_pytorch__update-viablestrict.yml",
                        "/home/huawei/github-actions-security/.github/workflows/pytorch_pytorch__update_pytorch_labels.yml",
                        "/home/huawei/github-actions-security/.github/workflows/pytorch_pytorch__upload-test-stats-while-running.yml",
                        "/home/huawei/github-actions-security/.github/workflows/pytorch_pytorch__upload-test-stats.yml",
                        "/home/huawei/github-actions-security/.github/workflows/pytorch_pytorch__upload-torch-dynamo-perf-stats.yml",
                        "/home/huawei/github-actions-security/.github/workflows/pytorch_pytorch__upload_test_stats_intermediate.yml",
                        "/home/huawei/github-actions-security/.github/workflows/pytorch_pytorch__weekly.yml",
                        "/home/huawei/github-actions-security/.github/workflows/pytorch_pytorch__xpu.yml",
                        "/home/huawei/github-actions-security/.github/workflows/remix-run_remix__close-v2-issues.yml",
                        "/home/huawei/github-actions-security/.github/workflows/remix-run_remix__deduplicate-lock-file.yml",
                        "/home/huawei/github-actions-security/.github/workflows/remix-run_remix__deployments.yml",
                        "/home/huawei/github-actions-security/.github/workflows/remix-run_remix__format.yml",
                        "/home/huawei/github-actions-security/.github/workflows/remix-run_remix__lint.yml",
                        "/home/huawei/github-actions-security/.github/workflows/remix-run_remix__merged-pr.yml",
                        "/home/huawei/github-actions-security/.github/workflows/remix-run_remix__nightly.yml",
                        "/home/huawei/github-actions-security/.github/workflows/remix-run_remix__no-response.yml",
                        "/home/huawei/github-actions-security/.github/workflows/remix-run_remix__release-comments.yml",
                        "/home/huawei/github-actions-security/.github/workflows/remix-run_remix__release-experimental.yml",
                        "/home/huawei/github-actions-security/.github/workflows/remix-run_remix__release.yml",
                        "/home/huawei/github-actions-security/.github/workflows/remix-run_remix__shared-build.yml",
                        "/home/huawei/github-actions-security/.github/workflows/remix-run_remix__shared-test-integration.yml",
                        "/home/huawei/github-actions-security/.github/workflows/remix-run_remix__shared-test-unit.yml",
                        "/home/huawei/github-actions-security/.github/workflows/remix-run_remix__stacks.yml",
                        "/home/huawei/github-actions-security/.github/workflows/remix-run_remix__test-full.yml",
                        "/home/huawei/github-actions-security/.github/workflows/remix-run_remix__test-pr-ubuntu.yml",
                        "/home/huawei/github-actions-security/.github/workflows/remix-run_remix__test-pr-windows-macos.yml",
                        "/home/huawei/github-actions-security/.github/workflows/remix-run_remix__website.yml",
                        "/home/huawei/github-actions-security/.github/workflows/rust-lang_rust__ci.yml",
                        "/home/huawei/github-actions-security/.github/workflows/rust-lang_rust__dependencies.yml",
                        "/home/huawei/github-actions-security/.github/workflows/rust-lang_rust__ghcr.yml",
                        "/home/huawei/github-actions-security/.github/workflows/rust-lang_rust__post-merge.yml",
                        "/home/huawei/github-actions-security/.github/workflows/secret-in-build-log.yml",
                        "/home/huawei/github-actions-security/.github/workflows/self-hosted-file-monitor-with-hr.yml",
                        "/home/huawei/github-actions-security/.github/workflows/self-hosted-network-filtering-hr.yml",
                        "/home/huawei/github-actions-security/.github/workflows/self-hosted-network-monitoring-hr.yml",
                        "/home/huawei/github-actions-security/.github/workflows/tailwindlabs_tailwindcss__ci.yml",
                        "/home/huawei/github-actions-security/.github/workflows/tailwindlabs_tailwindcss__integration-tests.yml",
                        "/home/huawei/github-actions-security/.github/workflows/tailwindlabs_tailwindcss__prepare-release.yml",
                        "/home/huawei/github-actions-security/.github/workflows/tailwindlabs_tailwindcss__release-insiders.yml",
                        "/home/huawei/github-actions-security/.github/workflows/tailwindlabs_tailwindcss__release.yml",
                        "/home/huawei/github-actions-security/.github/workflows/tensorflow_tensorflow__arm-cd.yml",
                        "/home/huawei/github-actions-security/.github/workflows/tensorflow_tensorflow__arm-ci-extended-cpp.yml",
                        "/home/huawei/github-actions-security/.github/workflows/tensorflow_tensorflow__arm-ci-extended.yml",
                        "/home/huawei/github-actions-security/.github/workflows/tensorflow_tensorflow__arm-ci.yml",
                        "/home/huawei/github-actions-security/.github/workflows/tensorflow_tensorflow__cffconvert.yml",
                        "/home/huawei/github-actions-security/.github/workflows/tensorflow_tensorflow__issue-on-pr-rollback.yml",
                        "/home/huawei/github-actions-security/.github/workflows/tensorflow_tensorflow__osv-scanner-scheduled.yml",
                        "/home/huawei/github-actions-security/.github/workflows/tensorflow_tensorflow__pylint-presubmit.yml",
                        "/home/huawei/github-actions-security/.github/workflows/tensorflow_tensorflow__release-branch-cherrypick.yml",
                        "/home/huawei/github-actions-security/.github/workflows/tensorflow_tensorflow__scorecards-analysis.yml",
                        "/home/huawei/github-actions-security/.github/workflows/tensorflow_tensorflow__stale-issues.yml",
                        "/home/huawei/github-actions-security/.github/workflows/tensorflow_tensorflow__update-nightly.yml",
                        "/home/huawei/github-actions-security/.github/workflows/tensorflow_tensorflow__update-rbe.yml",
                        "/home/huawei/github-actions-security/.github/workflows/tj-actions-changed-files-incident.yaml",
                        "/home/huawei/github-actions-security/.github/workflows/toc-tou.yml",
                        "/home/huawei/github-actions-security/.github/workflows/typescript-eslint_typescript-eslint__a11y-alt-bot.yml",
                        "/home/huawei/github-actions-security/.github/workflows/typescript-eslint_typescript-eslint__ci.yml",
                        "/home/huawei/github-actions-security/.github/workflows/typescript-eslint_typescript-eslint__cleanup-cache.yml",
                        "/home/huawei/github-actions-security/.github/workflows/typescript-eslint_typescript-eslint__lock.yml",
                        "/home/huawei/github-actions-security/.github/workflows/typescript-eslint_typescript-eslint__nx-migrate.yml",
                        "/home/huawei/github-actions-security/.github/workflows/typescript-eslint_typescript-eslint__pr-labels.yml",
                        "/home/huawei/github-actions-security/.github/workflows/typescript-eslint_typescript-eslint__pr-review-requested.yml",
                        "/home/huawei/github-actions-security/.github/workflows/typescript-eslint_typescript-eslint__prettier-update.yml",
                        "/home/huawei/github-actions-security/.github/workflows/typescript-eslint_typescript-eslint__semantic-breaking-change-pr.yml",
                        "/home/huawei/github-actions-security/.github/workflows/typescript-eslint_typescript-eslint__semantic-pr-titles.yml",
                        "/home/huawei/github-actions-security/.github/workflows/unexpected-outbound-calls.yml",
                        "/home/huawei/github-actions-security/.github/workflows/vercel_next.js__bench.yml",
                        "/home/huawei/github-actions-security/.github/workflows/vercel_next.js__build_and_deploy.yml",
                        "/home/huawei/github-actions-security/.github/workflows/vercel_next.js__build_and_test.yml",
                        "/home/huawei/github-actions-security/.github/workflows/vercel_next.js__build_reusable.yml",
                        "/home/huawei/github-actions-security/.github/workflows/vercel_next.js__cancel.yml",
                        "/home/huawei/github-actions-security/.github/workflows/vercel_next.js__code_freeze.yml",
                        "/home/huawei/github-actions-security/.github/workflows/vercel_next.js__force_merge_canary_release_pr.yml",
                        "/home/huawei/github-actions-security/.github/workflows/vercel_next.js__graphite_ci_optimizer.yml",
                        "/home/huawei/github-actions-security/.github/workflows/vercel_next.js__integration_tests_reusable.yml",
                        "/home/huawei/github-actions-security/.github/workflows/vercel_next.js__issue_bankrupt.yml",
                        "/home/huawei/github-actions-security/.github/workflows/vercel_next.js__issue_lock.yml",
                        "/home/huawei/github-actions-security/.github/workflows/vercel_next.js__issue_stale.yml",
                        "/home/huawei/github-actions-security/.github/workflows/vercel_next.js__issue_version.yml",
                        "/home/huawei/github-actions-security/.github/workflows/vercel_next.js__issue_wrong_template.yml",
                        "/home/huawei/github-actions-security/.github/workflows/vercel_next.js__notify_release.yml",
                        "/home/huawei/github-actions-security/.github/workflows/vercel_next.js__popular.yml",
                        "/home/huawei/github-actions-security/.github/workflows/vercel_next.js__pull_request_stats.yml",
                        "/home/huawei/github-actions-security/.github/workflows/vercel_next.js__retry_deploy_test.yml",
                        "/home/huawei/github-actions-security/.github/workflows/vercel_next.js__retry_test.yml",
                        "/home/huawei/github-actions-security/.github/workflows/vercel_next.js__rspack-nextjs-build-integration-tests.yml",
                        "/home/huawei/github-actions-security/.github/workflows/vercel_next.js__rspack-nextjs-dev-integration-tests.yml",
                        "/home/huawei/github-actions-security/.github/workflows/vercel_next.js__rspack-update-tests-manifest.yml",
                        "/home/huawei/github-actions-security/.github/workflows/vercel_next.js__setup-nextjs-build.yml",
                        "/home/huawei/github-actions-security/.github/workflows/vercel_next.js__test-turbopack-rust-bench-test.yml",
                        "/home/huawei/github-actions-security/.github/workflows/vercel_next.js__test_e2e_deploy_release.yml",
                        "/home/huawei/github-actions-security/.github/workflows/vercel_next.js__test_examples.yml",
                        "/home/huawei/github-actions-security/.github/workflows/vercel_next.js__triage.yml",
                        "/home/huawei/github-actions-security/.github/workflows/vercel_next.js__triage_with_ai.yml",
                        "/home/huawei/github-actions-security/.github/workflows/vercel_next.js__trigger_release.yml",
                        "/home/huawei/github-actions-security/.github/workflows/vercel_next.js__trigger_release_new.yml",
                        "/home/huawei/github-actions-security/.github/workflows/vercel_next.js__turbopack-nextjs-build-integration-tests.yml",
                        "/home/huawei/github-actions-security/.github/workflows/vercel_next.js__turbopack-nextjs-dev-integration-tests.yml",
                        "/home/huawei/github-actions-security/.github/workflows/vercel_next.js__turbopack-update-tests-manifest.yml",
                        "/home/huawei/github-actions-security/.github/workflows/vercel_next.js__update_fonts_data.yml",
                        "/home/huawei/github-actions-security/.github/workflows/vercel_next.js__update_react.yml",
                        "/home/huawei/github-actions-security/.github/workflows/vercel_next.js__upload-tests-manifest.yml",
                        "/home/huawei/github-actions-security/.github/workflows/vitejs_vite__ci.yml",
                        "/home/huawei/github-actions-security/.github/workflows/vitejs_vite__ecosystem-ci-trigger.yml",
                        "/home/huawei/github-actions-security/.github/workflows/vitejs_vite__issue-close-require.yml",
                        "/home/huawei/github-actions-security/.github/workflows/vitejs_vite__issue-labeled.yml",
                        "/home/huawei/github-actions-security/.github/workflows/vitejs_vite__lock-closed-issues.yml",
                        "/home/huawei/github-actions-security/.github/workflows/vitejs_vite__preview-release.yml",
                        "/home/huawei/github-actions-security/.github/workflows/vitejs_vite__publish.yml",
                        "/home/huawei/github-actions-security/.github/workflows/vitejs_vite__release-tag.yml",
                        "/home/huawei/github-actions-security/.github/workflows/vitejs_vite__semantic-pull-request.yml",
                        "/home/huawei/github-actions-security/.github/workflows/withastro_astro__benchmark.yml",
                        "/home/huawei/github-actions-security/.github/workflows/withastro_astro__check-merge.yml",
                        "/home/huawei/github-actions-security/.github/workflows/withastro_astro__check.yml",
                        "/home/huawei/github-actions-security/.github/workflows/withastro_astro__ci.yml",
                        "/home/huawei/github-actions-security/.github/workflows/withastro_astro__cleanup-cache.yml",
                        "/home/huawei/github-actions-security/.github/workflows/withastro_astro__congrats.yml",
                        "/home/huawei/github-actions-security/.github/workflows/withastro_astro__continuous_benchmark.yml",
                        "/home/huawei/github-actions-security/.github/workflows/withastro_astro__examples-deploy.yml",
                        "/home/huawei/github-actions-security/.github/workflows/withastro_astro__format.yml",
                        "/home/huawei/github-actions-security/.github/workflows/withastro_astro__issue-labeled.yml",
                        "/home/huawei/github-actions-security/.github/workflows/withastro_astro__issue-needs-repro.yml",
                        "/home/huawei/github-actions-security/.github/workflows/withastro_astro__issue-opened.yml",
                        "/home/huawei/github-actions-security/.github/workflows/withastro_astro__label.yml",
                        "/home/huawei/github-actions-security/.github/workflows/withastro_astro__preview-release.yml",
                        "/home/huawei/github-actions-security/.github/workflows/withastro_astro__release.yml",
                        "/home/huawei/github-actions-security/.github/workflows/withastro_astro__scripts.yml",
                        "/home/huawei/github-actions-security/.github/workflows/withastro_astro__sync-examples.yml",
                        "/home/huawei/github-actions-security/.github/workflows/withastro_astro__test-hosts.yml"
                      ]
[2025-06-09 15:47:05] [DETAILS] database index-files> Found 623 files.
[2025-06-09 15:47:06] [PROGRESS] database index-files> /home/huawei/github-actions-security/tools/codeql/my-yaml-db: Indexing files in in /home/huawei/github-actions-security/.github/workflows...
[2025-06-09 15:47:06] Using index-files script /home/huawei/github-actions-security/tools/codeql/yaml/tools/index-files.sh.
[2025-06-09 15:47:06] [PROGRESS] database index-files> Running command in /home/huawei/github-actions-security/.github/workflows: [/home/huawei/github-actions-security/tools/codeql/yaml/tools/index-files.sh, /home/huawei/github-actions-security/tools/codeql/my-yaml-db/working/files-to-index11305331692617304660.list]
[2025-06-09 15:47:10] Terminating normally.
