[2025-06-09 16:50:00] This is codeql execute queries -J-Xmx1388M --verbosity=progress --logdir=/home/huawei/github-actions-security/tools/codeql/my-yaml-db/log --evaluator-log-level=5 --warnings=show --qlconfig-file=/home/huawei/github-actions-security/tools/codeql/queries/qlconfig.yml --dynamic-join-order-mode=none -- /home/huawei/github-actions-security/tools/codeql/my-yaml-db/db-yaml path:/home/huawei/github-actions-security/tools/codeql/queries/ExpressionIsAlwaysTrueHigh.ql
[2025-06-09 16:50:00] Calling plumbing command: codeql resolve queries --qlconfig-file=/home/huawei/github-actions-security/tools/codeql/queries/qlconfig.yml --format=json -- path:/home/huawei/github-actions-security/tools/codeql/queries/ExpressionIsAlwaysTrueHigh.ql
[2025-06-09 16:50:01] [PROGRESS] resolve queries> Recording pack reference (anonymous QL pack at /home/huawei/github-actions-security/tools/codeql/queries/ExpressionIsAlwaysTrueHigh.ql) at /home/huawei/github-actions-security/tools/codeql/queries.
[2025-06-09 16:50:01] Plumbing command codeql resolve queries completed:
                      [
                        "/home/huawei/github-actions-security/tools/codeql/queries/ExpressionIsAlwaysTrueHigh.ql"
                      ]
[2025-06-09 16:50:01] Creating executor with 1 threads.
[2025-06-09 16:50:01] Calling plumbing command: codeql resolve extensions --qlconfig-file=/home/huawei/github-actions-security/tools/codeql/queries/qlconfig.yml --include-extension-row-locations path:/home/huawei/github-actions-security/tools/codeql/queries/ExpressionIsAlwaysTrueHigh.ql
[2025-06-09 16:50:01] Calling plumbing command: codeql resolve queries --qlconfig-file=/home/huawei/github-actions-security/tools/codeql/queries/qlconfig.yml --allow-library-packs --format startingpacks -- path:/home/huawei/github-actions-security/tools/codeql/queries/ExpressionIsAlwaysTrueHigh.ql
[2025-06-09 16:50:01] [PROGRESS] resolve queries> Recording pack reference (anonymous QL pack at /home/huawei/github-actions-security/tools/codeql/queries/ExpressionIsAlwaysTrueHigh.ql) at /home/huawei/github-actions-security/tools/codeql/queries.
[2025-06-09 16:50:01] Plumbing command codeql resolve queries completed:
                      [
                        "/home/huawei/github-actions-security/tools/codeql/queries"
                      ]
[2025-06-09 16:50:01] Calling plumbing command: codeql resolve extensions-by-pack --qlconfig-file=/home/huawei/github-actions-security/tools/codeql/queries/qlconfig.yml --include-extension-row-locations -- /home/huawei/github-actions-security/tools/codeql/queries
[2025-06-09 16:50:01] [SPAMMY] resolve extensions-by-pack> [INCOMPATIBILITY] <anonymous pack>: not 0.0.0 {root: <anonymous pack>@0.0.0}
[2025-06-09 16:50:01] [SPAMMY] resolve extensions-by-pack> [DERIVATION] <anonymous pack>: 0.0.0 {<anonymous pack>: not 0.0.0 {root: <anonymous pack>@0.0.0}}
[2025-06-09 16:50:01] [SPAMMY] resolve extensions-by-pack> [DECISION 1] <anonymous pack>: 0.0.0
[2025-06-09 16:50:01] Plumbing command codeql resolve extensions-by-pack completed:
                      {
                        "models" : [ ],
                        "data" : { },
                        "threatModels" : { },
                        "extensionPacks" : [ ]
                      }
[2025-06-09 16:50:01] Plumbing command codeql resolve extensions completed:
                      {
                        "models" : [ ],
                        "data" : { },
                        "threatModels" : { },
                        "extensionPacks" : [ ]
                      }
[2025-06-09 16:50:01] Calling plumbing command: codeql resolve library-path --qlconfig-file=/home/huawei/github-actions-security/tools/codeql/queries/qlconfig.yml --query=/home/huawei/github-actions-security/tools/codeql/queries/ExpressionIsAlwaysTrueHigh.ql --format=json
[2025-06-09 16:50:01] [DETAILS] resolve library-path> Resolving query at normalized path /home/huawei/github-actions-security/tools/codeql/queries/ExpressionIsAlwaysTrueHigh.ql.
[2025-06-09 16:50:01] [DETAILS] resolve library-path> Found no pack; trying after symlink resolution with /home/huawei/github-actions-security/tools/codeql/queries/ExpressionIsAlwaysTrueHigh.ql.
[2025-06-09 16:50:01] [DETAILS] resolve library-path> Found enclosing pack 'queries' at /home/huawei/github-actions-security/tools/codeql/queries.
[2025-06-09 16:50:01] [DETAILS] resolve library-path> Adding compilation cache at /home/huawei/.codeql/compile-cache.
[2025-06-09 16:50:01] [DETAILS] resolve library-path> Resolving library dependencies from /home/huawei/github-actions-security/tools/codeql/queries/ExpressionIsAlwaysTrueHigh.ql.
[2025-06-09 16:50:01] [SPAMMY] resolve library-path> [INCOMPATIBILITY] <anonymous pack>: not 0.0.0 {root: <anonymous pack>@0.0.0}
[2025-06-09 16:50:01] [SPAMMY] resolve library-path> [DERIVATION] <anonymous pack>: 0.0.0 {<anonymous pack>: not 0.0.0 {root: <anonymous pack>@0.0.0}}
[2025-06-09 16:50:01] [SPAMMY] resolve library-path> [DECISION 1] <anonymous pack>: 0.0.0
[2025-06-09 16:50:01] [DETAILS] resolve library-path> QL pack dependencies for /home/huawei/github-actions-security/tools/codeql/queries resolved OK.
[2025-06-09 16:50:01] [DETAILS] resolve library-path> Found no dbscheme through dependencies.
[2025-06-09 16:50:01] Plumbing command codeql resolve library-path completed:
                      {
                        "libraryPath" : [
                          "/home/huawei/github-actions-security/tools/codeql/queries"
                        ],
                        "compilationCache" : [
                          "/home/huawei/.codeql/compile-cache"
                        ],
                        "relativeName" : "queries/ExpressionIsAlwaysTrueHigh.ql",
                        "possibleAdvice" : "There should probably be a qlpack.yml file declaring dependencies in /home/huawei/github-actions-security/tools/codeql/queries or an enclosing directory.",
                        "qlPackName" : "queries"
                      }
[2025-06-09 16:50:01] [PROGRESS] execute queries> Compiling query plan for /home/huawei/github-actions-security/tools/codeql/queries/ExpressionIsAlwaysTrueHigh.ql.
[2025-06-09 16:50:01] [DETAILS] execute queries> Resolving imports for /home/huawei/github-actions-security/tools/codeql/queries/ExpressionIsAlwaysTrueHigh.ql.
[2025-06-09 16:50:02] [ERROR] Exception collected asynchronously; saving it while cancelling everything
                              com.semmle.util.exception.ResourceError: Failed to read path /home/huawei/github-actions-security/tools/codeql/my-yaml-db/db-yaml/yaml.dbscheme.stats
                              (eventual cause: NoSuchFileException "/home/huawei/github-actions-security/tools/codeql/my-yaml-db/db-yaml/yaml.dbscheme.stats")
                              	at com.semmle.util.io.WholeIO.strictread(WholeIO.java:339)
                              	at com.semmle.frontend.imports.QLFileSetResolver.addDbscheme(QLFileSetResolver.java:160)
                              	at com.semmle.frontend.imports.QLFileSetResolver.resolveFileSet(QLFileSetResolver.java:109)
                              	at com.semmle.frontend.imports.QLFileSetResolver.resolveFileSet(QLFileSetResolver.java:70)
                              	at com.semmle.cli2.ql.CompilationCommon$OneCompilation.compileInner(CompilationCommon.java:324)
                              	at com.semmle.cli2.ql.CompilationCommon$OneCompilation.compile(CompilationCommon.java:273)
                              	at com.semmle.cli2.ql.CompilationCommon.compile(CompilationCommon.java:241)
                              	at com.semmle.cli2.ql.CompilationCommon.compile(CompilationCommon.java:233)
                              	at com.semmle.cli2.execute.ExecuteQueriesCommand.compileOrLoad(ExecuteQueriesCommand.java:827)
                              	at com.semmle.cli2.execute.ExecuteQueriesCommand$ExecutionIterator.startImpl(ExecuteQueriesCommand.java:224)
                              	at com.semmle.cli2.execute.ExecuteQueriesCommand$ExecutionIterator.start(ExecuteQueriesCommand.java:192)
                              	at com.semmle.cli2.execute.ExecuteQueriesCommand$ExecutionIterator.lambda$next$0(ExecuteQueriesCommand.java:187)
                              	at com.semmle.util.concurrent.FutureUtils.supplyCompose(FutureUtils.java:248)
                              	at com.semmle.util.concurrent.Paralleliser.lambda$startMoreJobs$3(Paralleliser.java:109)
                              	at java.base/java.util.concurrent.ThreadPoolExecutor.runWorker(Unknown Source)
                              	at java.base/java.util.concurrent.ThreadPoolExecutor$Worker.run(Unknown Source)
                              	at java.base/java.lang.Thread.run(Unknown Source)
                              Caused by: java.nio.file.NoSuchFileException: /home/huawei/github-actions-security/tools/codeql/my-yaml-db/db-yaml/yaml.dbscheme.stats
                              	at java.base/sun.nio.fs.UnixException.translateToIOException(Unknown Source)
                              	at java.base/sun.nio.fs.UnixException.rethrowAsIOException(Unknown Source)
                              	at java.base/sun.nio.fs.UnixException.rethrowAsIOException(Unknown Source)
                              	at java.base/sun.nio.fs.UnixFileSystemProvider.newByteChannel(Unknown Source)
                              	at java.base/java.nio.file.Files.newByteChannel(Unknown Source)
                              	at java.base/java.nio.file.Files.newByteChannel(Unknown Source)
                              	at java.base/java.nio.file.spi.FileSystemProvider.newInputStream(Unknown Source)
                              	at java.base/java.nio.file.Files.newInputStream(Unknown Source)
                              	at com.semmle.util.io.WholeIO.read(WholeIO.java:295)
                              	at com.semmle.util.io.WholeIO.strictread(WholeIO.java:338)
                              	... 16 common frames omitted
[2025-06-09 16:50:02] Sequence stamp origin is -6039831253804195732
[2025-06-09 16:50:02] Pausing evaluation to close the cache at sequence stamp o+0
[2025-06-09 16:50:02] The disk cache is freshly trimmed; leave it be.
[2025-06-09 16:50:02] Unpausing evaluation
[2025-06-09 16:50:02] Exception caught in async task: Failed to read path /home/huawei/github-actions-security/tools/codeql/my-yaml-db/db-yaml/yaml.dbscheme.stats
                      (eventual cause: NoSuchFileException "/home/huawei/github-actions-security/tools/codeql/my-yaml-db/db-yaml/yaml.dbscheme.stats")
                      com.semmle.util.io.WholeIO.strictread(WholeIO.java:339)
                      com.semmle.frontend.imports.QLFileSetResolver.addDbscheme(QLFileSetResolver.java:160)
                      com.semmle.frontend.imports.QLFileSetResolver.resolveFileSet(QLFileSetResolver.java:109)
                      com.semmle.frontend.imports.QLFileSetResolver.resolveFileSet(QLFileSetResolver.java:70)
                      com.semmle.cli2.ql.CompilationCommon$OneCompilation.compileInner(CompilationCommon.java:324)
                      com.semmle.cli2.ql.CompilationCommon$OneCompilation.compile(CompilationCommon.java:273)
                      com.semmle.cli2.ql.CompilationCommon.compile(CompilationCommon.java:241)
                      com.semmle.cli2.ql.CompilationCommon.compile(CompilationCommon.java:233)
                      com.semmle.cli2.execute.ExecuteQueriesCommand.compileOrLoad(ExecuteQueriesCommand.java:827)
                      com.semmle.cli2.execute.ExecuteQueriesCommand$ExecutionIterator.startImpl(ExecuteQueriesCommand.java:224)
                      com.semmle.cli2.execute.ExecuteQueriesCommand$ExecutionIterator.start(ExecuteQueriesCommand.java:192)
                      com.semmle.cli2.execute.ExecuteQueriesCommand$ExecutionIterator.lambda$next$0(ExecuteQueriesCommand.java:187)
                      com.semmle.util.concurrent.FutureUtils.supplyCompose(FutureUtils.java:248)
                      com.semmle.util.concurrent.Paralleliser.lambda$startMoreJobs$3(Paralleliser.java:109)
                      java.base/java.util.concurrent.ThreadPoolExecutor.runWorker(Unknown Source)
                      java.base/java.util.concurrent.ThreadPoolExecutor$Worker.run(Unknown Source)
                      java.base/java.lang.Thread.run(Unknown Source)
                      
                       ... caused by:
                      
                      java.nio.file.NoSuchFileException: /home/huawei/github-actions-security/tools/codeql/my-yaml-db/db-yaml/yaml.dbscheme.stats
                      java.base/sun.nio.fs.UnixException.translateToIOException(Unknown Source)
                      java.base/sun.nio.fs.UnixException.rethrowAsIOException(Unknown Source)
                      java.base/sun.nio.fs.UnixException.rethrowAsIOException(Unknown Source)
                      java.base/sun.nio.fs.UnixFileSystemProvider.newByteChannel(Unknown Source)
                      java.base/java.nio.file.Files.newByteChannel(Unknown Source)
                      java.base/java.nio.file.Files.newByteChannel(Unknown Source)
                      java.base/java.nio.file.spi.FileSystemProvider.newInputStream(Unknown Source)
                      java.base/java.nio.file.Files.newInputStream(Unknown Source)
                      com.semmle.util.io.WholeIO.read(WholeIO.java:295)
                      com.semmle.util.io.WholeIO.strictread(WholeIO.java:338)
                      com.semmle.frontend.imports.QLFileSetResolver.addDbscheme(QLFileSetResolver.java:160)
                      com.semmle.frontend.imports.QLFileSetResolver.resolveFileSet(QLFileSetResolver.java:109)
                      com.semmle.frontend.imports.QLFileSetResolver.resolveFileSet(QLFileSetResolver.java:70)
                      com.semmle.cli2.ql.CompilationCommon$OneCompilation.compileInner(CompilationCommon.java:324)
                      com.semmle.cli2.ql.CompilationCommon$OneCompilation.compile(CompilationCommon.java:273)
                      com.semmle.cli2.ql.CompilationCommon.compile(CompilationCommon.java:241)
                      com.semmle.cli2.ql.CompilationCommon.compile(CompilationCommon.java:233)
                      com.semmle.cli2.execute.ExecuteQueriesCommand.compileOrLoad(ExecuteQueriesCommand.java:827)
                      com.semmle.cli2.execute.ExecuteQueriesCommand$ExecutionIterator.startImpl(ExecuteQueriesCommand.java:224)
                      com.semmle.cli2.execute.ExecuteQueriesCommand$ExecutionIterator.start(ExecuteQueriesCommand.java:192)
                      com.semmle.cli2.execute.ExecuteQueriesCommand$ExecutionIterator.lambda$next$0(ExecuteQueriesCommand.java:187)
                      com.semmle.util.concurrent.FutureUtils.supplyCompose(FutureUtils.java:248)
                      com.semmle.util.concurrent.Paralleliser.lambda$startMoreJobs$3(Paralleliser.java:109)
                      java.base/java.util.concurrent.ThreadPoolExecutor.runWorker(Unknown Source)
                      java.base/java.util.concurrent.ThreadPoolExecutor$Worker.run(Unknown Source)
                      java.base/java.lang.Thread.run(Unknown Source)
