[2025-06-09 15:47:43] This is codeql execute queries -J-Xmx1388M --verbosity=progress --logdir=/home/huawei/github-actions-security/tools/codeql/my-yaml-db/log --evaluator-log-level=5 --warnings=show --search-path=/home/huawei/github-actions-security/tools/codeql/codeql-repo --qlconfig-file=/home/huawei/github-actions-security/tools/codeql/qlconfig.yml --dynamic-join-order-mode=none --no-rerun --interpret-passthrough=null,--format=sarifv2.1.0,-o=/home/huawei/github-actions-security/tools/codeql/results.sarif,--max-paths=4,--csv-location-format=line-column,--print-diagnostics-summary,--print-metrics-summary,--search-path=/home/huawei/github-actions-security/tools/codeql/codeql-repo,--qlconfig-file=/home/huawei/github-actions-security/tools/codeql/qlconfig.yml,--,/home/huawei/github-actions-security/tools/codeql/my-yaml-db,./queries --output=/home/huawei/github-actions-security/tools/codeql/my-yaml-db/results -- /home/huawei/github-actions-security/tools/codeql/my-yaml-db/db-yaml ./queries
[2025-06-09 15:47:43] Calling plumbing command: codeql resolve queries --search-path=/home/huawei/github-actions-security/tools/codeql/codeql-repo --qlconfig-file=/home/huawei/github-actions-security/tools/codeql/qlconfig.yml --format=json -- ./queries
[2025-06-09 15:47:44] [PROGRESS] resolve queries> Recording pack reference madjda/github-actions-security at /home/huawei/github-actions-security/tools/codeql/queries.
[2025-06-09 15:47:44] [SPAMMY] resolve queries> Scanning for QL files at /home/huawei/github-actions-security/tools/codeql/queries.
[2025-06-09 15:47:44] [SPAMMY] resolve queries> Found 25 QL files in /home/huawei/github-actions-security/tools/codeql/queries.
[2025-06-09 15:47:44] Plumbing command codeql resolve queries completed:
                      [
                        "/home/huawei/github-actions-security/tools/codeql/queries/Security/CWE-571/ExpressionIsAlwaysTrueHigh.ql",
                        "/home/huawei/github-actions-security/tools/codeql/queries/Security/CWE-571/ExpressionIsAlwaysTrueCritical.ql",
                        "/home/huawei/github-actions-security/tools/codeql/queries/Security/CWE-077/EnvVarInjectionCritical.ql",
                        "/home/huawei/github-actions-security/tools/codeql/queries/Security/CWE-077/EnvVarInjectionMedium.ql",
                        "/home/huawei/github-actions-security/tools/codeql/queries/Security/CWE-077/EnvPathInjectionCritical.ql",
                        "/home/huawei/github-actions-security/tools/codeql/queries/Security/CWE-077/EnvPathInjectionMedium.ql",
                        "/home/huawei/github-actions-security/tools/codeql/queries/Security/CWE-1395/UseOfKnownVulnerableAction.ql",
                        "/home/huawei/github-actions-security/tools/codeql/queries/Security/CWE-367/UntrustedCheckoutTOCTOUHigh.ql",
                        "/home/huawei/github-actions-security/tools/codeql/queries/Security/CWE-367/UntrustedCheckoutTOCTOUCritical.ql",
                        "/home/huawei/github-actions-security/tools/codeql/queries/Security/CWE-285/ImproperAccessControl.ql",
                        "/home/huawei/github-actions-security/tools/codeql/queries/Security/CWE-312/UnmaskedSecretExposure.ql",
                        "/home/huawei/github-actions-security/tools/codeql/queries/Security/CWE-312/SecretsInArtifacts.ql",
                        "/home/huawei/github-actions-security/tools/codeql/queries/Security/CWE-312/ExcessiveSecretsExposure.ql",
                        "/home/huawei/github-actions-security/tools/codeql/queries/Security/CWE-275/MissingActionsPermissions.ql",
                        "/home/huawei/github-actions-security/tools/codeql/queries/Security/CWE-094/CodeInjectionMedium.ql",
                        "/home/huawei/github-actions-security/tools/codeql/queries/Security/CWE-094/CodeInjectionCritical.ql",
                        "/home/huawei/github-actions-security/tools/codeql/queries/Security/CWE-349/CachePoisoningViaDirectCache.ql",
                        "/home/huawei/github-actions-security/tools/codeql/queries/Security/CWE-349/CachePoisoningViaPoisonableStep.ql",
                        "/home/huawei/github-actions-security/tools/codeql/queries/Security/CWE-349/CachePoisoningViaCodeInjection.ql",
                        "/home/huawei/github-actions-security/tools/codeql/queries/Security/CWE-829/ArtifactPoisoningMedium.ql",
                        "/home/huawei/github-actions-security/tools/codeql/queries/Security/CWE-829/UntrustedCheckoutMedium.ql",
                        "/home/huawei/github-actions-security/tools/codeql/queries/Security/CWE-829/UnpinnedActionsTag.ql",
                        "/home/huawei/github-actions-security/tools/codeql/queries/Security/CWE-829/UntrustedCheckoutCritical.ql",
                        "/home/huawei/github-actions-security/tools/codeql/queries/Security/CWE-829/UntrustedCheckoutHigh.ql",
                        "/home/huawei/github-actions-security/tools/codeql/queries/Security/CWE-829/ArtifactPoisoningCritical.ql"
                      ]
[2025-06-09 15:47:44] Creating executor with 1 threads.
[2025-06-09 15:47:44] Calling plumbing command: codeql resolve extensions --search-path=/home/huawei/github-actions-security/tools/codeql/codeql-repo --qlconfig-file=/home/huawei/github-actions-security/tools/codeql/qlconfig.yml --include-extension-row-locations ./queries
[2025-06-09 15:47:44] Calling plumbing command: codeql resolve queries --search-path=/home/huawei/github-actions-security/tools/codeql/codeql-repo --qlconfig-file=/home/huawei/github-actions-security/tools/codeql/qlconfig.yml --allow-library-packs --format startingpacks -- ./queries
[2025-06-09 15:47:44] [PROGRESS] resolve queries> Recording pack reference madjda/github-actions-security at /home/huawei/github-actions-security/tools/codeql/queries.
[2025-06-09 15:47:44] [SPAMMY] resolve queries> Scanning for QL files at /home/huawei/github-actions-security/tools/codeql/queries.
[2025-06-09 15:47:44] [SPAMMY] resolve queries> Found 25 QL files in /home/huawei/github-actions-security/tools/codeql/queries.
[2025-06-09 15:47:44] Plumbing command codeql resolve queries completed:
                      [
                        "/home/huawei/github-actions-security/tools/codeql/queries"
                      ]
[2025-06-09 15:47:44] Calling plumbing command: codeql resolve extensions-by-pack --search-path=/home/huawei/github-actions-security/tools/codeql/codeql-repo --qlconfig-file=/home/huawei/github-actions-security/tools/codeql/qlconfig.yml --include-extension-row-locations -- /home/huawei/github-actions-security/tools/codeql/queries
[2025-06-09 15:47:44] [SPAMMY] resolve extensions-by-pack> [INCOMPATIBILITY] madjda/github-actions-security: not 0.0.1 {root: madjda/github-actions-security@0.0.1}
[2025-06-09 15:47:44] [SPAMMY] resolve extensions-by-pack> [DERIVATION] madjda/github-actions-security: 0.0.1 {madjda/github-actions-security: not 0.0.1 {root: madjda/github-actions-security@0.0.1}}
[2025-06-09 15:47:44] [SPAMMY] resolve extensions-by-pack> [DECISION 1] madjda/github-actions-security: 0.0.1
[2025-06-09 15:47:45] Plumbing command codeql resolve extensions-by-pack completed:
                      {
                        "models" : [ ],
                        "data" : { },
                        "threatModels" : { },
                        "extensionPacks" : [ ]
                      }
[2025-06-09 15:47:45] Plumbing command codeql resolve extensions completed:
                      {
                        "models" : [ ],
                        "data" : { },
                        "threatModels" : { },
                        "extensionPacks" : [ ]
                      }
[2025-06-09 15:47:45] Calling plumbing command: codeql resolve library-path --search-path=/home/huawei/github-actions-security/tools/codeql/codeql-repo --qlconfig-file=/home/huawei/github-actions-security/tools/codeql/qlconfig.yml --query=/home/huawei/github-actions-security/tools/codeql/queries/Security/CWE-571/ExpressionIsAlwaysTrueHigh.ql --format=json
[2025-06-09 15:47:45] [DETAILS] resolve library-path> Resolving query at normalized path /home/huawei/github-actions-security/tools/codeql/queries/Security/CWE-571/ExpressionIsAlwaysTrueHigh.ql.
[2025-06-09 15:47:45] [DETAILS] resolve library-path> Found enclosing pack 'madjda/github-actions-security' at /home/huawei/github-actions-security/tools/codeql/queries.
[2025-06-09 15:47:45] [DETAILS] resolve library-path> Adding compilation cache at /home/huawei/.codeql/compile-cache.
[2025-06-09 15:47:45] [DETAILS] resolve library-path> Resolving library dependencies from /home/huawei/github-actions-security/tools/codeql/queries/codeql-pack.yml.
[2025-06-09 15:47:45] [SPAMMY] resolve library-path> [INCOMPATIBILITY] madjda/github-actions-security: not 0.0.1 {root: madjda/github-actions-security@0.0.1}
[2025-06-09 15:47:45] [SPAMMY] resolve library-path> [DERIVATION] madjda/github-actions-security: 0.0.1 {madjda/github-actions-security: not 0.0.1 {root: madjda/github-actions-security@0.0.1}}
[2025-06-09 15:47:45] [SPAMMY] resolve library-path> [DECISION 1] madjda/github-actions-security: 0.0.1
[2025-06-09 15:47:45] [DETAILS] resolve library-path> QL pack dependencies for /home/huawei/github-actions-security/tools/codeql/queries resolved OK.
[2025-06-09 15:47:45] [DETAILS] resolve library-path> Found no dbscheme through dependencies.
[2025-06-09 15:47:45] Plumbing command codeql resolve library-path completed:
                      {
                        "libraryPath" : [
                          "/home/huawei/github-actions-security/tools/codeql/queries"
                        ],
                        "compilationCache" : [
                          "/home/huawei/.codeql/compile-cache"
                        ],
                        "relativeName" : "madjda/github-actions-security/Security/CWE-571/ExpressionIsAlwaysTrueHigh.ql",
                        "possibleAdvice" : "You probably need to specify a libraryPathDependencies list in /home/huawei/github-actions-security/tools/codeql/queries/codeql-pack.yml.",
                        "qlPackName" : "madjda/github-actions-security"
                      }
[2025-06-09 15:47:45] [PROGRESS] execute queries> Compiling query plan for /home/huawei/github-actions-security/tools/codeql/queries/Security/CWE-571/ExpressionIsAlwaysTrueHigh.ql.
[2025-06-09 15:47:45] [DETAILS] execute queries> Resolving imports for /home/huawei/github-actions-security/tools/codeql/queries/Security/CWE-571/ExpressionIsAlwaysTrueHigh.ql.
[2025-06-09 15:47:45] [ERROR] Exception collected asynchronously; saving it while cancelling everything
                              com.semmle.util.exception.ResourceError: Failed to read path /home/huawei/github-actions-security/tools/codeql/my-yaml-db/db-yaml/yaml.dbscheme.stats
                              (eventual cause: NoSuchFileException "/home/huawei/github-actions-security/tools/codeql/my-yaml-db/db-yaml/yaml.dbscheme.stats")
                              	at com.semmle.util.io.WholeIO.strictread(WholeIO.java:339)
                              	at com.semmle.frontend.imports.QLFileSetResolver.addDbscheme(QLFileSetResolver.java:160)
                              	at com.semmle.frontend.imports.QLFileSetResolver.resolveFileSet(QLFileSetResolver.java:109)
                              	at com.semmle.frontend.imports.QLFileSetResolver.resolveFileSet(QLFileSetResolver.java:70)
                              	at com.semmle.cli2.ql.CompilationCommon$OneCompilation.compileInner(CompilationCommon.java:324)
                              	at com.semmle.cli2.ql.CompilationCommon$OneCompilation.compile(CompilationCommon.java:273)
                              	at com.semmle.cli2.ql.CompilationCommon.compile(CompilationCommon.java:241)
                              	at com.semmle.cli2.ql.CompilationCommon.compile(CompilationCommon.java:233)
                              	at com.semmle.cli2.execute.ExecuteQueriesCommand.compileOrLoad(ExecuteQueriesCommand.java:827)
                              	at com.semmle.cli2.execute.ExecuteQueriesCommand$ExecutionIterator.startImpl(ExecuteQueriesCommand.java:224)
                              	at com.semmle.cli2.execute.ExecuteQueriesCommand$ExecutionIterator.start(ExecuteQueriesCommand.java:192)
                              	at com.semmle.cli2.execute.ExecuteQueriesCommand$ExecutionIterator.lambda$next$0(ExecuteQueriesCommand.java:187)
                              	at com.semmle.util.concurrent.FutureUtils.supplyCompose(FutureUtils.java:248)
                              	at com.semmle.util.concurrent.Paralleliser.lambda$startMoreJobs$3(Paralleliser.java:109)
                              	at java.base/java.util.concurrent.ThreadPoolExecutor.runWorker(Unknown Source)
                              	at java.base/java.util.concurrent.ThreadPoolExecutor$Worker.run(Unknown Source)
                              	at java.base/java.lang.Thread.run(Unknown Source)
                              Caused by: java.nio.file.NoSuchFileException: /home/huawei/github-actions-security/tools/codeql/my-yaml-db/db-yaml/yaml.dbscheme.stats
                              	at java.base/sun.nio.fs.UnixException.translateToIOException(Unknown Source)
                              	at java.base/sun.nio.fs.UnixException.rethrowAsIOException(Unknown Source)
                              	at java.base/sun.nio.fs.UnixException.rethrowAsIOException(Unknown Source)
                              	at java.base/sun.nio.fs.UnixFileSystemProvider.newByteChannel(Unknown Source)
                              	at java.base/java.nio.file.Files.newByteChannel(Unknown Source)
                              	at java.base/java.nio.file.Files.newByteChannel(Unknown Source)
                              	at java.base/java.nio.file.spi.FileSystemProvider.newInputStream(Unknown Source)
                              	at java.base/java.nio.file.Files.newInputStream(Unknown Source)
                              	at com.semmle.util.io.WholeIO.read(WholeIO.java:295)
                              	at com.semmle.util.io.WholeIO.strictread(WholeIO.java:338)
                              	... 16 common frames omitted
[2025-06-09 15:47:45] Sequence stamp origin is -6039847303313637591
[2025-06-09 15:47:45] Pausing evaluation to close the cache at sequence stamp o+0
[2025-06-09 15:47:45] The disk cache is freshly trimmed; leave it be.
[2025-06-09 15:47:45] Unpausing evaluation
[2025-06-09 15:47:45] Exception caught in async task: Failed to read path /home/huawei/github-actions-security/tools/codeql/my-yaml-db/db-yaml/yaml.dbscheme.stats
                      (eventual cause: NoSuchFileException "/home/huawei/github-actions-security/tools/codeql/my-yaml-db/db-yaml/yaml.dbscheme.stats")
                      com.semmle.util.io.WholeIO.strictread(WholeIO.java:339)
                      com.semmle.frontend.imports.QLFileSetResolver.addDbscheme(QLFileSetResolver.java:160)
                      com.semmle.frontend.imports.QLFileSetResolver.resolveFileSet(QLFileSetResolver.java:109)
                      com.semmle.frontend.imports.QLFileSetResolver.resolveFileSet(QLFileSetResolver.java:70)
                      com.semmle.cli2.ql.CompilationCommon$OneCompilation.compileInner(CompilationCommon.java:324)
                      com.semmle.cli2.ql.CompilationCommon$OneCompilation.compile(CompilationCommon.java:273)
                      com.semmle.cli2.ql.CompilationCommon.compile(CompilationCommon.java:241)
                      com.semmle.cli2.ql.CompilationCommon.compile(CompilationCommon.java:233)
                      com.semmle.cli2.execute.ExecuteQueriesCommand.compileOrLoad(ExecuteQueriesCommand.java:827)
                      com.semmle.cli2.execute.ExecuteQueriesCommand$ExecutionIterator.startImpl(ExecuteQueriesCommand.java:224)
                      com.semmle.cli2.execute.ExecuteQueriesCommand$ExecutionIterator.start(ExecuteQueriesCommand.java:192)
                      com.semmle.cli2.execute.ExecuteQueriesCommand$ExecutionIterator.lambda$next$0(ExecuteQueriesCommand.java:187)
                      com.semmle.util.concurrent.FutureUtils.supplyCompose(FutureUtils.java:248)
                      com.semmle.util.concurrent.Paralleliser.lambda$startMoreJobs$3(Paralleliser.java:109)
                      java.base/java.util.concurrent.ThreadPoolExecutor.runWorker(Unknown Source)
                      java.base/java.util.concurrent.ThreadPoolExecutor$Worker.run(Unknown Source)
                      java.base/java.lang.Thread.run(Unknown Source)
                      
                       ... caused by:
                      
                      java.nio.file.NoSuchFileException: /home/huawei/github-actions-security/tools/codeql/my-yaml-db/db-yaml/yaml.dbscheme.stats
                      java.base/sun.nio.fs.UnixException.translateToIOException(Unknown Source)
                      java.base/sun.nio.fs.UnixException.rethrowAsIOException(Unknown Source)
                      java.base/sun.nio.fs.UnixException.rethrowAsIOException(Unknown Source)
                      java.base/sun.nio.fs.UnixFileSystemProvider.newByteChannel(Unknown Source)
                      java.base/java.nio.file.Files.newByteChannel(Unknown Source)
                      java.base/java.nio.file.Files.newByteChannel(Unknown Source)
                      java.base/java.nio.file.spi.FileSystemProvider.newInputStream(Unknown Source)
                      java.base/java.nio.file.Files.newInputStream(Unknown Source)
                      com.semmle.util.io.WholeIO.read(WholeIO.java:295)
                      com.semmle.util.io.WholeIO.strictread(WholeIO.java:338)
                      com.semmle.frontend.imports.QLFileSetResolver.addDbscheme(QLFileSetResolver.java:160)
                      com.semmle.frontend.imports.QLFileSetResolver.resolveFileSet(QLFileSetResolver.java:109)
                      com.semmle.frontend.imports.QLFileSetResolver.resolveFileSet(QLFileSetResolver.java:70)
                      com.semmle.cli2.ql.CompilationCommon$OneCompilation.compileInner(CompilationCommon.java:324)
                      com.semmle.cli2.ql.CompilationCommon$OneCompilation.compile(CompilationCommon.java:273)
                      com.semmle.cli2.ql.CompilationCommon.compile(CompilationCommon.java:241)
                      com.semmle.cli2.ql.CompilationCommon.compile(CompilationCommon.java:233)
                      com.semmle.cli2.execute.ExecuteQueriesCommand.compileOrLoad(ExecuteQueriesCommand.java:827)
                      com.semmle.cli2.execute.ExecuteQueriesCommand$ExecutionIterator.startImpl(ExecuteQueriesCommand.java:224)
                      com.semmle.cli2.execute.ExecuteQueriesCommand$ExecutionIterator.start(ExecuteQueriesCommand.java:192)
                      com.semmle.cli2.execute.ExecuteQueriesCommand$ExecutionIterator.lambda$next$0(ExecuteQueriesCommand.java:187)
                      com.semmle.util.concurrent.FutureUtils.supplyCompose(FutureUtils.java:248)
                      com.semmle.util.concurrent.Paralleliser.lambda$startMoreJobs$3(Paralleliser.java:109)
                      java.base/java.util.concurrent.ThreadPoolExecutor.runWorker(Unknown Source)
                      java.base/java.util.concurrent.ThreadPoolExecutor$Worker.run(Unknown Source)
                      java.base/java.lang.Thread.run(Unknown Source)
